[2023-02-23 17:30:33,408][test_feedback.py 12][INFO]:test feedback start:
[2023-02-23 17:30:33,408][test_feedback.py 12][INFO]:test feedback start:
[2023-02-23 17:30:33,408][test_feedback.py 12][INFO]:test feedback start:
[2023-02-23 17:30:33,409][test_feedback.py 21][INFO]:test feedback end.
[2023-02-23 17:30:33,409][test_feedback.py 21][INFO]:test feedback end.
[2023-02-23 17:30:33,409][test_feedback.py 21][INFO]:test feedback end.
[2023-02-23 17:31:23,371][test_feedback.py 12][INFO]:test feedback start:
[2023-02-23 17:31:23,371][test_feedback.py 12][INFO]:test feedback start:
[2023-02-23 17:31:23,371][test_feedback.py 12][INFO]:test feedback start:
[2023-02-23 17:36:14,233][test_feedback.py 12][INFO]:test feedback start:
[2023-02-23 17:36:14,233][test_feedback.py 12][INFO]:test feedback start:
[2023-02-23 17:36:14,233][test_feedback.py 12][INFO]:test feedback start:
[2023-02-23 17:36:14,233][test_feedback.py 21][INFO]:test feedback end.
[2023-02-23 17:36:14,233][test_feedback.py 21][INFO]:test feedback end.
[2023-02-23 17:36:14,233][test_feedback.py 21][INFO]:test feedback end.
[2023-02-23 17:39:31,113][test_feedback.py 10][INFO]:test feedback start:
[2023-02-23 17:39:31,113][test_feedback.py 10][INFO]:test feedback start:
[2023-02-23 17:39:31,113][test_feedback.py 19][INFO]:test feedback end.
[2023-02-23 17:39:31,113][test_feedback.py 19][INFO]:test feedback end.
[2023-02-23 17:39:52,934][test_feedback.py 10][INFO]:test feedback start:
[2023-02-23 17:39:52,934][test_feedback.py 10][INFO]:test feedback start:
[2023-02-23 17:39:52,935][test_feedback.py 19][INFO]:test feedback end.
[2023-02-23 17:39:52,935][test_feedback.py 19][INFO]:test feedback end.
[2023-02-23 17:39:53,340][utils.py 35][INFO]:预期结果是0
[2023-02-23 17:39:53,340][utils.py 35][INFO]:预期结果是0
[2023-02-23 17:39:53,340][utils.py 36][INFO]:实际结果是0
[2023-02-23 17:39:53,340][utils.py 36][INFO]:实际结果是0
[2023-02-23 17:39:53,340][utils.py 35][INFO]:预期结果是成功
[2023-02-23 17:39:53,340][utils.py 35][INFO]:预期结果是成功
[2023-02-23 17:39:53,340][utils.py 36][INFO]:实际结果是成功
[2023-02-23 17:39:53,340][utils.py 36][INFO]:实际结果是成功
[2023-02-23 17:39:53,400][utils.py 35][INFO]:预期结果是0
[2023-02-23 17:39:53,400][utils.py 35][INFO]:预期结果是0
[2023-02-23 17:39:53,400][utils.py 36][INFO]:实际结果是0
[2023-02-23 17:39:53,400][utils.py 36][INFO]:实际结果是0
[2023-02-23 17:39:53,401][utils.py 35][INFO]:预期结果是成功
[2023-02-23 17:39:53,401][utils.py 35][INFO]:预期结果是成功
[2023-02-23 17:39:53,401][utils.py 36][INFO]:实际结果是成功
[2023-02-23 17:39:53,401][utils.py 36][INFO]:实际结果是成功
[2023-02-23 17:39:55,517][utils.py 35][INFO]:预期结果是0
[2023-02-23 17:39:55,517][utils.py 35][INFO]:预期结果是0
[2023-02-23 17:39:55,517][utils.py 36][INFO]:实际结果是0
[2023-02-23 17:39:55,517][utils.py 36][INFO]:实际结果是0
[2023-02-23 17:39:55,517][utils.py 35][INFO]:预期结果是成功
[2023-02-23 17:39:55,517][utils.py 35][INFO]:预期结果是成功
[2023-02-23 17:39:55,518][utils.py 36][INFO]:实际结果是成功
[2023-02-23 17:39:55,518][utils.py 36][INFO]:实际结果是成功
[2023-02-23 17:39:55,564][utils.py 35][INFO]:预期结果是0
[2023-02-23 17:39:55,564][utils.py 35][INFO]:预期结果是0
[2023-02-23 17:39:55,564][utils.py 36][INFO]:实际结果是0
[2023-02-23 17:39:55,564][utils.py 36][INFO]:实际结果是0
[2023-02-23 17:39:55,565][utils.py 35][INFO]:预期结果是成功
[2023-02-23 17:39:55,565][utils.py 35][INFO]:预期结果是成功
[2023-02-23 17:39:55,565][utils.py 36][INFO]:实际结果是成功
[2023-02-23 17:39:55,565][utils.py 36][INFO]:实际结果是成功
[2023-02-23 17:39:55,608][utils.py 35][INFO]:预期结果是0
[2023-02-23 17:39:55,608][utils.py 35][INFO]:预期结果是0
[2023-02-23 17:39:55,609][utils.py 36][INFO]:实际结果是0
[2023-02-23 17:39:55,609][utils.py 36][INFO]:实际结果是0
[2023-02-23 17:39:55,609][utils.py 35][INFO]:预期结果是成功
[2023-02-23 17:39:55,609][utils.py 35][INFO]:预期结果是成功
[2023-02-23 17:39:55,609][utils.py 36][INFO]:实际结果是成功
[2023-02-23 17:39:55,609][utils.py 36][INFO]:实际结果是成功
[2023-02-23 17:39:55,653][utils.py 35][INFO]:预期结果是0
[2023-02-23 17:39:55,653][utils.py 35][INFO]:预期结果是0
[2023-02-23 17:39:55,654][utils.py 36][INFO]:实际结果是0
[2023-02-23 17:39:55,654][utils.py 36][INFO]:实际结果是0
[2023-02-23 17:39:55,654][utils.py 35][INFO]:预期结果是成功
[2023-02-23 17:39:55,654][utils.py 35][INFO]:预期结果是成功
[2023-02-23 17:39:55,654][utils.py 36][INFO]:实际结果是成功
[2023-02-23 17:39:55,654][utils.py 36][INFO]:实际结果是成功
[2023-02-23 17:39:55,722][utils.py 35][INFO]:预期结果是-2147463167
[2023-02-23 17:39:55,722][utils.py 35][INFO]:预期结果是-2147463167
[2023-02-23 17:39:55,722][utils.py 36][INFO]:实际结果是-2147463167
[2023-02-23 17:39:55,722][utils.py 36][INFO]:实际结果是-2147463167
[2023-02-23 17:39:55,722][utils.py 35][INFO]:预期结果是无效的参数
[2023-02-23 17:39:55,722][utils.py 35][INFO]:预期结果是无效的参数
[2023-02-23 17:39:55,722][utils.py 36][INFO]:实际结果是无效的参数
[2023-02-23 17:39:55,722][utils.py 36][INFO]:实际结果是无效的参数
[2023-02-23 17:40:16,156][test_feedback.py 10][INFO]:test feedback start:
[2023-02-23 17:40:16,156][test_feedback.py 19][INFO]:test feedback end.
[2023-02-23 17:40:16,421][utils.py 35][INFO]:预期结果是0
[2023-02-23 17:40:16,422][utils.py 36][INFO]:实际结果是0
[2023-02-23 17:40:16,422][utils.py 35][INFO]:预期结果是成功
[2023-02-23 17:40:16,422][utils.py 36][INFO]:实际结果是成功
[2023-02-23 17:40:16,480][utils.py 35][INFO]:预期结果是0
[2023-02-23 17:40:16,480][utils.py 36][INFO]:实际结果是0
[2023-02-23 17:40:16,480][utils.py 35][INFO]:预期结果是成功
[2023-02-23 17:40:16,480][utils.py 36][INFO]:实际结果是成功
[2023-02-23 17:40:16,636][utils.py 35][INFO]:预期结果是0
[2023-02-23 17:40:16,636][utils.py 36][INFO]:实际结果是0
[2023-02-23 17:40:16,636][utils.py 35][INFO]:预期结果是成功
[2023-02-23 17:40:16,636][utils.py 36][INFO]:实际结果是成功
[2023-02-23 17:40:16,683][utils.py 35][INFO]:预期结果是0
[2023-02-23 17:40:16,683][utils.py 36][INFO]:实际结果是0
[2023-02-23 17:40:16,683][utils.py 35][INFO]:预期结果是成功
[2023-02-23 17:40:16,683][utils.py 36][INFO]:实际结果是成功
[2023-02-23 17:40:16,729][utils.py 35][INFO]:预期结果是0
[2023-02-23 17:40:16,730][utils.py 36][INFO]:实际结果是0
[2023-02-23 17:40:16,730][utils.py 35][INFO]:预期结果是成功
[2023-02-23 17:40:16,730][utils.py 36][INFO]:实际结果是成功
[2023-02-23 17:40:16,786][utils.py 35][INFO]:预期结果是0
[2023-02-23 17:40:16,786][utils.py 36][INFO]:实际结果是0
[2023-02-23 17:40:16,786][utils.py 35][INFO]:预期结果是成功
[2023-02-23 17:40:16,786][utils.py 36][INFO]:实际结果是成功
[2023-02-23 17:40:16,843][utils.py 35][INFO]:预期结果是-2147463167
[2023-02-23 17:40:16,843][utils.py 36][INFO]:实际结果是-2147463167
[2023-02-23 17:40:16,843][utils.py 35][INFO]:预期结果是无效的参数
[2023-02-23 17:40:16,843][utils.py 36][INFO]:实际结果是无效的参数
[2023-02-23 17:42:52,560][test_feedback.py 13][INFO]:=======test start:点击首页,action=5
[2023-02-23 17:42:53,039][utils.py 35][INFO]:预期结果是0
[2023-02-23 17:42:53,039][utils.py 36][INFO]:实际结果是0
[2023-02-23 17:42:53,039][utils.py 35][INFO]:预期结果是成功
[2023-02-23 17:42:53,040][utils.py 36][INFO]:实际结果是成功
[2023-02-23 17:42:53,040][test_feedback.py 17][INFO]:=======test end:点击首页,action=5
[2023-02-23 17:42:53,043][test_feedback.py 13][INFO]:=======test start:匿名用户点击首页,action=5
[2023-02-23 17:42:53,097][utils.py 35][INFO]:预期结果是0
[2023-02-23 17:42:53,098][utils.py 36][INFO]:实际结果是0
[2023-02-23 17:42:53,098][utils.py 35][INFO]:预期结果是成功
[2023-02-23 17:42:53,098][utils.py 36][INFO]:实际结果是成功
[2023-02-23 17:42:53,099][test_feedback.py 17][INFO]:=======test end:匿名用户点击首页,action=5
[2023-02-23 17:42:53,100][test_feedback.py 13][INFO]:=======test start:点击首页,action=16
[2023-02-23 17:42:53,295][utils.py 35][INFO]:预期结果是0
[2023-02-23 17:42:53,295][utils.py 36][INFO]:实际结果是0
[2023-02-23 17:42:53,295][utils.py 35][INFO]:预期结果是成功
[2023-02-23 17:42:53,296][utils.py 36][INFO]:实际结果是成功
[2023-02-23 17:42:53,296][test_feedback.py 17][INFO]:=======test end:点击首页,action=16
[2023-02-23 17:42:53,297][test_feedback.py 13][INFO]:=======test start:点击首页,action=61
[2023-02-23 17:42:53,351][utils.py 35][INFO]:预期结果是0
[2023-02-23 17:42:53,351][utils.py 36][INFO]:实际结果是0
[2023-02-23 17:42:53,351][utils.py 35][INFO]:预期结果是成功
[2023-02-23 17:42:53,352][utils.py 36][INFO]:实际结果是成功
[2023-02-23 17:42:53,352][test_feedback.py 17][INFO]:=======test end:点击首页,action=61
[2023-02-23 17:42:53,353][test_feedback.py 13][INFO]:=======test start:点击首页,action=62
[2023-02-23 17:42:53,402][utils.py 35][INFO]:预期结果是0
[2023-02-23 17:42:53,402][utils.py 36][INFO]:实际结果是0
[2023-02-23 17:42:53,402][utils.py 35][INFO]:预期结果是成功
[2023-02-23 17:42:53,402][utils.py 36][INFO]:实际结果是成功
[2023-02-23 17:42:53,403][test_feedback.py 17][INFO]:=======test end:点击首页,action=62
[2023-02-23 17:42:53,405][test_feedback.py 13][INFO]:=======test start:点击首页,action=1
[2023-02-23 17:42:53,449][utils.py 35][INFO]:预期结果是0
[2023-02-23 17:42:53,468][utils.py 36][INFO]:实际结果是0
[2023-02-23 17:42:53,468][utils.py 35][INFO]:预期结果是成功
[2023-02-23 17:42:53,469][utils.py 36][INFO]:实际结果是成功
[2023-02-23 17:42:53,469][test_feedback.py 17][INFO]:=======test end:点击首页,action=1
[2023-02-23 17:42:53,470][test_feedback.py 13][INFO]:=======test start:点击首页,action=None
[2023-02-23 17:42:53,509][utils.py 35][INFO]:预期结果是-2147463167
[2023-02-23 17:42:53,510][utils.py 36][INFO]:实际结果是-2147463167
[2023-02-23 17:42:53,510][utils.py 35][INFO]:预期结果是无效的参数
[2023-02-23 17:42:53,510][utils.py 36][INFO]:实际结果是无效的参数
[2023-02-23 17:42:53,510][test_feedback.py 17][INFO]:=======test end:点击首页,action=None
[2023-02-23 17:43:22,793][test_feedback.py 13][INFO]:==>test start:点击首页,action=5
[2023-02-23 17:43:23,020][utils.py 35][INFO]:预期结果是0
[2023-02-23 17:43:23,020][utils.py 36][INFO]:实际结果是0
[2023-02-23 17:43:23,020][utils.py 35][INFO]:预期结果是成功
[2023-02-23 17:43:23,020][utils.py 36][INFO]:实际结果是成功
[2023-02-23 17:43:23,020][test_feedback.py 17][INFO]:==>test end:点击首页,action=5
[2023-02-23 17:43:23,022][test_feedback.py 13][INFO]:==>test start:匿名用户点击首页,action=5
[2023-02-23 17:43:23,074][utils.py 35][INFO]:预期结果是0
[2023-02-23 17:43:23,074][utils.py 36][INFO]:实际结果是0
[2023-02-23 17:43:23,074][utils.py 35][INFO]:预期结果是成功
[2023-02-23 17:43:23,074][utils.py 36][INFO]:实际结果是成功
[2023-02-23 17:43:23,074][test_feedback.py 17][INFO]:==>test end:匿名用户点击首页,action=5
[2023-02-23 17:43:23,076][test_feedback.py 13][INFO]:==>test start:点击首页,action=16
[2023-02-23 17:43:23,207][utils.py 35][INFO]:预期结果是0
[2023-02-23 17:43:23,207][utils.py 36][INFO]:实际结果是0
[2023-02-23 17:43:23,207][utils.py 35][INFO]:预期结果是成功
[2023-02-23 17:43:23,207][utils.py 36][INFO]:实际结果是成功
[2023-02-23 17:43:23,208][test_feedback.py 17][INFO]:==>test end:点击首页,action=16
[2023-02-23 17:43:23,209][test_feedback.py 13][INFO]:==>test start:点击首页,action=61
[2023-02-23 17:43:23,250][utils.py 35][INFO]:预期结果是0
[2023-02-23 17:43:23,250][utils.py 36][INFO]:实际结果是0
[2023-02-23 17:43:23,250][utils.py 35][INFO]:预期结果是成功
[2023-02-23 17:43:23,250][utils.py 36][INFO]:实际结果是成功
[2023-02-23 17:43:23,251][test_feedback.py 17][INFO]:==>test end:点击首页,action=61
[2023-02-23 17:43:23,251][test_feedback.py 13][INFO]:==>test start:点击首页,action=62
[2023-02-23 17:43:23,293][utils.py 35][INFO]:预期结果是0
[2023-02-23 17:43:23,293][utils.py 36][INFO]:实际结果是0
[2023-02-23 17:43:23,294][utils.py 35][INFO]:预期结果是成功
[2023-02-23 17:43:23,294][utils.py 36][INFO]:实际结果是成功
[2023-02-23 17:43:23,294][test_feedback.py 17][INFO]:==>test end:点击首页,action=62
[2023-02-23 17:43:23,295][test_feedback.py 13][INFO]:==>test start:点击首页,action=1
[2023-02-23 17:43:23,339][utils.py 35][INFO]:预期结果是0
[2023-02-23 17:43:23,352][utils.py 36][INFO]:实际结果是0
[2023-02-23 17:43:23,352][utils.py 35][INFO]:预期结果是成功
[2023-02-23 17:43:23,352][utils.py 36][INFO]:实际结果是成功
[2023-02-23 17:43:23,352][test_feedback.py 17][INFO]:==>test end:点击首页,action=1
[2023-02-23 17:43:23,353][test_feedback.py 13][INFO]:==>test start:点击首页,action=None
[2023-02-23 17:43:23,393][utils.py 35][INFO]:预期结果是-2147463167
[2023-02-23 17:43:23,394][utils.py 36][INFO]:实际结果是-2147463167
[2023-02-23 17:43:23,394][utils.py 35][INFO]:预期结果是无效的参数
[2023-02-23 17:43:23,394][utils.py 36][INFO]:实际结果是无效的参数
[2023-02-23 17:43:23,394][test_feedback.py 17][INFO]:==>test end:点击首页,action=None
[2023-02-23 17:43:42,316][test_feedback.py 13][INFO]:》》》test start:点击首页,action=5
[2023-02-23 17:43:42,518][utils.py 35][INFO]:预期结果是0
[2023-02-23 17:43:42,518][utils.py 36][INFO]:实际结果是0
[2023-02-23 17:43:42,518][utils.py 35][INFO]:预期结果是成功
[2023-02-23 17:43:42,518][utils.py 36][INFO]:实际结果是成功
[2023-02-23 17:43:42,518][test_feedback.py 17][INFO]:》》》test end:点击首页,action=5
[2023-02-23 17:43:42,521][test_feedback.py 13][INFO]:》》》test start:匿名用户点击首页,action=5
[2023-02-23 17:43:42,566][utils.py 35][INFO]:预期结果是0
[2023-02-23 17:43:42,566][utils.py 36][INFO]:实际结果是0
[2023-02-23 17:43:42,566][utils.py 35][INFO]:预期结果是成功
[2023-02-23 17:43:42,566][utils.py 36][INFO]:实际结果是成功
[2023-02-23 17:43:42,566][test_feedback.py 17][INFO]:》》》test end:匿名用户点击首页,action=5
[2023-02-23 17:43:42,567][test_feedback.py 13][INFO]:》》》test start:点击首页,action=16
[2023-02-23 17:43:42,699][utils.py 35][INFO]:预期结果是0
[2023-02-23 17:43:42,699][utils.py 36][INFO]:实际结果是0
[2023-02-23 17:43:42,700][utils.py 35][INFO]:预期结果是成功
[2023-02-23 17:43:42,700][utils.py 36][INFO]:实际结果是成功
[2023-02-23 17:43:42,700][test_feedback.py 17][INFO]:》》》test end:点击首页,action=16
[2023-02-23 17:43:42,702][test_feedback.py 13][INFO]:》》》test start:点击首页,action=61
[2023-02-23 17:43:42,743][utils.py 35][INFO]:预期结果是0
[2023-02-23 17:43:42,743][utils.py 36][INFO]:实际结果是0
[2023-02-23 17:43:42,743][utils.py 35][INFO]:预期结果是成功
[2023-02-23 17:43:42,743][utils.py 36][INFO]:实际结果是成功
[2023-02-23 17:43:42,743][test_feedback.py 17][INFO]:》》》test end:点击首页,action=61
[2023-02-23 17:43:42,744][test_feedback.py 13][INFO]:》》》test start:点击首页,action=62
[2023-02-23 17:43:42,804][utils.py 35][INFO]:预期结果是0
[2023-02-23 17:43:42,804][utils.py 36][INFO]:实际结果是0
[2023-02-23 17:43:42,804][utils.py 35][INFO]:预期结果是成功
[2023-02-23 17:43:42,804][utils.py 36][INFO]:实际结果是成功
[2023-02-23 17:43:42,804][test_feedback.py 17][INFO]:》》》test end:点击首页,action=62
[2023-02-23 17:43:42,805][test_feedback.py 13][INFO]:》》》test start:点击首页,action=1
[2023-02-23 17:43:42,844][utils.py 35][INFO]:预期结果是0
[2023-02-23 17:43:42,852][utils.py 36][INFO]:实际结果是0
[2023-02-23 17:43:42,852][utils.py 35][INFO]:预期结果是成功
[2023-02-23 17:43:42,852][utils.py 36][INFO]:实际结果是成功
[2023-02-23 17:43:42,852][test_feedback.py 17][INFO]:》》》test end:点击首页,action=1
[2023-02-23 17:43:42,852][test_feedback.py 13][INFO]:》》》test start:点击首页,action=None
[2023-02-23 17:43:42,890][utils.py 35][INFO]:预期结果是-2147463167
[2023-02-23 17:43:42,890][utils.py 36][INFO]:实际结果是-2147463167
[2023-02-23 17:43:42,890][utils.py 35][INFO]:预期结果是无效的参数
[2023-02-23 17:43:42,890][utils.py 36][INFO]:实际结果是无效的参数
[2023-02-23 17:43:42,890][test_feedback.py 17][INFO]:》》》test end:点击首页,action=None
[2023-02-23 21:01:11,838][test_feedback.py 13][INFO]:----------test start:点击首页,action=5
[2023-02-23 21:01:12,007][utils.py 35][INFO]:预期结果是0
[2023-02-23 21:01:12,007][utils.py 36][INFO]:实际结果是0
[2023-02-23 21:01:12,007][utils.py 35][INFO]:预期结果是成功
[2023-02-23 21:01:12,007][utils.py 36][INFO]:实际结果是成功
[2023-02-23 21:01:12,007][test_feedback.py 17][INFO]:----------test end:点击首页,action=5
[2023-02-23 21:01:12,010][test_feedback.py 13][INFO]:----------test start:匿名用户点击首页,action=5
[2023-02-23 21:01:12,058][utils.py 35][INFO]:预期结果是0
[2023-02-23 21:01:12,058][utils.py 36][INFO]:实际结果是0
[2023-02-23 21:01:12,058][utils.py 35][INFO]:预期结果是成功
[2023-02-23 21:01:12,058][utils.py 36][INFO]:实际结果是成功
[2023-02-23 21:01:12,058][test_feedback.py 17][INFO]:----------test end:匿名用户点击首页,action=5
[2023-02-23 21:01:12,059][test_feedback.py 13][INFO]:----------test start:点击首页,action=16
[2023-02-23 21:01:12,205][utils.py 35][INFO]:预期结果是0
[2023-02-23 21:01:12,206][utils.py 36][INFO]:实际结果是0
[2023-02-23 21:01:12,206][utils.py 35][INFO]:预期结果是成功
[2023-02-23 21:01:12,206][utils.py 36][INFO]:实际结果是成功
[2023-02-23 21:01:12,206][test_feedback.py 17][INFO]:----------test end:点击首页,action=16
[2023-02-23 21:01:12,207][test_feedback.py 13][INFO]:----------test start:点击首页,action=61
[2023-02-23 21:01:12,249][utils.py 35][INFO]:预期结果是0
[2023-02-23 21:01:12,249][utils.py 36][INFO]:实际结果是0
[2023-02-23 21:01:12,250][utils.py 35][INFO]:预期结果是成功
[2023-02-23 21:01:12,250][utils.py 36][INFO]:实际结果是成功
[2023-02-23 21:01:12,250][test_feedback.py 17][INFO]:----------test end:点击首页,action=61
[2023-02-23 21:01:12,251][test_feedback.py 13][INFO]:----------test start:点击首页,action=62
[2023-02-23 21:01:12,289][utils.py 35][INFO]:预期结果是0
[2023-02-23 21:01:12,289][utils.py 36][INFO]:实际结果是0
[2023-02-23 21:01:12,290][utils.py 35][INFO]:预期结果是成功
[2023-02-23 21:01:12,290][utils.py 36][INFO]:实际结果是成功
[2023-02-23 21:01:12,290][test_feedback.py 17][INFO]:----------test end:点击首页,action=62
[2023-02-23 21:01:12,291][test_feedback.py 13][INFO]:----------test start:点击首页,action=1
[2023-02-23 21:01:12,329][utils.py 35][INFO]:预期结果是0
[2023-02-23 21:01:12,329][utils.py 36][INFO]:实际结果是0
[2023-02-23 21:01:12,343][utils.py 35][INFO]:预期结果是成功
[2023-02-23 21:01:12,343][utils.py 36][INFO]:实际结果是成功
[2023-02-23 21:01:12,343][test_feedback.py 17][INFO]:----------test end:点击首页,action=1
[2023-02-23 21:01:12,344][test_feedback.py 13][INFO]:----------test start:点击首页,action=None
[2023-02-23 21:01:12,379][utils.py 35][INFO]:预期结果是-2147463167
[2023-02-23 21:01:12,379][utils.py 36][INFO]:实际结果是-2147463167
[2023-02-23 21:01:12,380][utils.py 35][INFO]:预期结果是无效的参数
[2023-02-23 21:01:12,380][utils.py 36][INFO]:实际结果是无效的参数
[2023-02-23 21:01:12,380][test_feedback.py 17][INFO]:----------test end:点击首页,action=None
[2023-02-23 21:07:17,188][test_feedback.py 13][INFO]:----------test start:点击首页,action=5
[2023-02-23 21:07:17,336][utils.py 35][INFO]:预期结果是0
[2023-02-23 21:07:17,336][utils.py 36][INFO]:实际结果是0
[2023-02-23 21:07:17,336][utils.py 35][INFO]:预期结果是成功
[2023-02-23 21:07:17,336][utils.py 36][INFO]:实际结果是成功
[2023-02-23 21:07:17,336][test_feedback.py 16][INFO]:http返回:{"data":null,"message":"成功","extraData":null,"hr":0}
[2023-02-23 21:07:17,336][test_feedback.py 17][INFO]:----------test end:点击首页,action=5
[2023-02-23 21:07:17,338][test_feedback.py 13][INFO]:----------test start:匿名用户点击首页,action=5
[2023-02-23 21:07:17,387][utils.py 35][INFO]:预期结果是0
[2023-02-23 21:07:17,387][utils.py 36][INFO]:实际结果是0
[2023-02-23 21:07:17,387][utils.py 35][INFO]:预期结果是成功
[2023-02-23 21:07:17,387][utils.py 36][INFO]:实际结果是成功
[2023-02-23 21:07:17,387][test_feedback.py 16][INFO]:http返回:{"data":null,"message":"成功","extraData":null,"hr":0}
[2023-02-23 21:07:17,387][test_feedback.py 17][INFO]:----------test end:匿名用户点击首页,action=5
[2023-02-23 21:07:17,387][test_feedback.py 13][INFO]:----------test start:点击首页,action=16
[2023-02-23 21:07:17,532][utils.py 35][INFO]:预期结果是0
[2023-02-23 21:07:17,532][utils.py 36][INFO]:实际结果是0
[2023-02-23 21:07:17,532][utils.py 35][INFO]:预期结果是成功
[2023-02-23 21:07:17,533][utils.py 36][INFO]:实际结果是成功
[2023-02-23 21:07:17,533][test_feedback.py 16][INFO]:http返回:{"data":null,"message":"成功","extraData":null,"hr":0}
[2023-02-23 21:07:17,533][test_feedback.py 17][INFO]:----------test end:点击首页,action=16
[2023-02-23 21:07:17,534][test_feedback.py 13][INFO]:----------test start:点击首页,action=61
[2023-02-23 21:07:17,577][utils.py 35][INFO]:预期结果是0
[2023-02-23 21:07:17,577][utils.py 36][INFO]:实际结果是0
[2023-02-23 21:07:17,577][utils.py 35][INFO]:预期结果是成功
[2023-02-23 21:07:17,577][utils.py 36][INFO]:实际结果是成功
[2023-02-23 21:07:17,577][test_feedback.py 16][INFO]:http返回:{"data":null,"message":"成功","extraData":null,"hr":0}
[2023-02-23 21:07:17,577][test_feedback.py 17][INFO]:----------test end:点击首页,action=61
[2023-02-23 21:07:17,579][test_feedback.py 13][INFO]:----------test start:点击首页,action=62
[2023-02-23 21:07:17,614][utils.py 35][INFO]:预期结果是0
[2023-02-23 21:07:17,614][utils.py 36][INFO]:实际结果是0
[2023-02-23 21:07:17,614][utils.py 35][INFO]:预期结果是成功
[2023-02-23 21:07:17,614][utils.py 36][INFO]:实际结果是成功
[2023-02-23 21:07:17,614][test_feedback.py 16][INFO]:http返回:{"data":null,"message":"成功","extraData":null,"hr":0}
[2023-02-23 21:07:17,615][test_feedback.py 17][INFO]:----------test end:点击首页,action=62
[2023-02-23 21:07:17,616][test_feedback.py 13][INFO]:----------test start:点击首页,action=1
[2023-02-23 21:07:17,657][utils.py 35][INFO]:预期结果是0
[2023-02-23 21:07:17,657][utils.py 36][INFO]:实际结果是0
[2023-02-23 21:07:17,673][utils.py 35][INFO]:预期结果是成功
[2023-02-23 21:07:17,673][utils.py 36][INFO]:实际结果是成功
[2023-02-23 21:07:17,673][test_feedback.py 16][INFO]:http返回:{"data":null,"message":"成功","extraData":null,"hr":0}
[2023-02-23 21:07:17,673][test_feedback.py 17][INFO]:----------test end:点击首页,action=1
[2023-02-23 21:07:17,674][test_feedback.py 13][INFO]:----------test start:点击首页,action=None
[2023-02-23 21:07:17,709][utils.py 35][INFO]:预期结果是-2147463167
[2023-02-23 21:07:17,709][utils.py 36][INFO]:实际结果是-2147463167
[2023-02-23 21:07:17,709][utils.py 35][INFO]:预期结果是无效的参数
[2023-02-23 21:07:17,709][utils.py 36][INFO]:实际结果是无效的参数
[2023-02-23 21:07:17,709][test_feedback.py 16][INFO]:http返回:{"data":{"failedContentList":[{"id":"","action":null,"grade":null,"scanDuration":null}]},"message":"无效的参数","extraData":null,"hr":-2147463167}
[2023-02-23 21:07:17,709][test_feedback.py 17][INFO]:----------test end:点击首页,action=None
[2023-02-23 21:08:05,801][test_feedback.py 13][INFO]:----------test start:点击首页,action=5
[2023-02-23 21:08:05,947][utils.py 35][INFO]:预期结果是：0
[2023-02-23 21:08:05,947][utils.py 36][INFO]:实际结果是：0
[2023-02-23 21:08:05,947][utils.py 35][INFO]:预期结果是：成功
[2023-02-23 21:08:05,947][utils.py 36][INFO]:实际结果是：成功
[2023-02-23 21:08:05,947][test_feedback.py 16][INFO]:http返回:{"data":null,"message":"成功","extraData":null,"hr":0}
[2023-02-23 21:08:05,947][test_feedback.py 17][INFO]:----------test end:点击首页,action=5
[2023-02-23 21:08:05,950][test_feedback.py 13][INFO]:----------test start:匿名用户点击首页,action=5
[2023-02-23 21:08:06,004][utils.py 35][INFO]:预期结果是：0
[2023-02-23 21:08:06,004][utils.py 36][INFO]:实际结果是：0
[2023-02-23 21:08:06,004][utils.py 35][INFO]:预期结果是：成功
[2023-02-23 21:08:06,004][utils.py 36][INFO]:实际结果是：成功
[2023-02-23 21:08:06,004][test_feedback.py 16][INFO]:http返回:{"data":null,"message":"成功","extraData":null,"hr":0}
[2023-02-23 21:08:06,004][test_feedback.py 17][INFO]:----------test end:匿名用户点击首页,action=5
[2023-02-23 21:08:06,005][test_feedback.py 13][INFO]:----------test start:点击首页,action=16
[2023-02-23 21:08:06,136][utils.py 35][INFO]:预期结果是：0
[2023-02-23 21:08:06,136][utils.py 36][INFO]:实际结果是：0
[2023-02-23 21:08:06,137][utils.py 35][INFO]:预期结果是：成功
[2023-02-23 21:08:06,137][utils.py 36][INFO]:实际结果是：成功
[2023-02-23 21:08:06,137][test_feedback.py 16][INFO]:http返回:{"data":null,"message":"成功","extraData":null,"hr":0}
[2023-02-23 21:08:06,137][test_feedback.py 17][INFO]:----------test end:点击首页,action=16
[2023-02-23 21:08:06,140][test_feedback.py 13][INFO]:----------test start:点击首页,action=61
[2023-02-23 21:08:06,185][utils.py 35][INFO]:预期结果是：0
[2023-02-23 21:08:06,185][utils.py 36][INFO]:实际结果是：0
[2023-02-23 21:08:06,185][utils.py 35][INFO]:预期结果是：成功
[2023-02-23 21:08:06,185][utils.py 36][INFO]:实际结果是：成功
[2023-02-23 21:08:06,185][test_feedback.py 16][INFO]:http返回:{"data":null,"message":"成功","extraData":null,"hr":0}
[2023-02-23 21:08:06,186][test_feedback.py 17][INFO]:----------test end:点击首页,action=61
[2023-02-23 21:08:06,188][test_feedback.py 13][INFO]:----------test start:点击首页,action=62
[2023-02-23 21:08:06,224][utils.py 35][INFO]:预期结果是：0
[2023-02-23 21:08:06,224][utils.py 36][INFO]:实际结果是：0
[2023-02-23 21:08:06,225][utils.py 35][INFO]:预期结果是：成功
[2023-02-23 21:08:06,225][utils.py 36][INFO]:实际结果是：成功
[2023-02-23 21:08:06,225][test_feedback.py 16][INFO]:http返回:{"data":null,"message":"成功","extraData":null,"hr":0}
[2023-02-23 21:08:06,225][test_feedback.py 17][INFO]:----------test end:点击首页,action=62
[2023-02-23 21:08:06,227][test_feedback.py 13][INFO]:----------test start:点击首页,action=1
[2023-02-23 21:08:06,263][utils.py 35][INFO]:预期结果是：0
[2023-02-23 21:08:06,264][utils.py 36][INFO]:实际结果是：0
[2023-02-23 21:08:06,281][utils.py 35][INFO]:预期结果是：成功
[2023-02-23 21:08:06,281][utils.py 36][INFO]:实际结果是：成功
[2023-02-23 21:08:06,281][test_feedback.py 16][INFO]:http返回:{"data":null,"message":"成功","extraData":null,"hr":0}
[2023-02-23 21:08:06,281][test_feedback.py 17][INFO]:----------test end:点击首页,action=1
[2023-02-23 21:08:06,282][test_feedback.py 13][INFO]:----------test start:点击首页,action=None
[2023-02-23 21:08:06,316][utils.py 35][INFO]:预期结果是：-2147463167
[2023-02-23 21:08:06,316][utils.py 36][INFO]:实际结果是：-2147463167
[2023-02-23 21:08:06,316][utils.py 35][INFO]:预期结果是：无效的参数
[2023-02-23 21:08:06,316][utils.py 36][INFO]:实际结果是：无效的参数
[2023-02-23 21:08:06,317][test_feedback.py 16][INFO]:http返回:{"data":{"failedContentList":[{"id":"","action":null,"grade":null,"scanDuration":null}]},"message":"无效的参数","extraData":null,"hr":-2147463167}
[2023-02-23 21:08:06,317][test_feedback.py 17][INFO]:----------test end:点击首页,action=None
[2023-02-23 21:08:35,157][test_feedback.py 13][INFO]:----------test start:点击首页,action=5
[2023-02-23 21:08:35,300][utils.py 35][INFO]:hr预期结果是：0
[2023-02-23 21:08:35,301][utils.py 36][INFO]:hr实际结果是：0
[2023-02-23 21:08:35,301][utils.py 35][INFO]:message预期结果是：成功
[2023-02-23 21:08:35,301][utils.py 36][INFO]:message实际结果是：成功
[2023-02-23 21:08:35,301][test_feedback.py 16][INFO]:http返回:{"data":null,"message":"成功","extraData":null,"hr":0}
[2023-02-23 21:08:35,301][test_feedback.py 17][INFO]:----------test end:点击首页,action=5
[2023-02-23 21:08:35,304][test_feedback.py 13][INFO]:----------test start:匿名用户点击首页,action=5
[2023-02-23 21:08:35,353][utils.py 35][INFO]:hr预期结果是：0
[2023-02-23 21:08:35,353][utils.py 36][INFO]:hr实际结果是：0
[2023-02-23 21:08:35,353][utils.py 35][INFO]:message预期结果是：成功
[2023-02-23 21:08:35,353][utils.py 36][INFO]:message实际结果是：成功
[2023-02-23 21:08:35,353][test_feedback.py 16][INFO]:http返回:{"data":null,"message":"成功","extraData":null,"hr":0}
[2023-02-23 21:08:35,354][test_feedback.py 17][INFO]:----------test end:匿名用户点击首页,action=5
[2023-02-23 21:08:35,355][test_feedback.py 13][INFO]:----------test start:点击首页,action=16
[2023-02-23 21:08:35,519][utils.py 35][INFO]:hr预期结果是：0
[2023-02-23 21:08:35,519][utils.py 36][INFO]:hr实际结果是：0
[2023-02-23 21:08:35,519][utils.py 35][INFO]:message预期结果是：成功
[2023-02-23 21:08:35,519][utils.py 36][INFO]:message实际结果是：成功
[2023-02-23 21:08:35,519][test_feedback.py 16][INFO]:http返回:{"data":null,"message":"成功","extraData":null,"hr":0}
[2023-02-23 21:08:35,519][test_feedback.py 17][INFO]:----------test end:点击首页,action=16
[2023-02-23 21:08:35,521][test_feedback.py 13][INFO]:----------test start:点击首页,action=61
[2023-02-23 21:08:35,565][utils.py 35][INFO]:hr预期结果是：0
[2023-02-23 21:08:35,566][utils.py 36][INFO]:hr实际结果是：0
[2023-02-23 21:08:35,566][utils.py 35][INFO]:message预期结果是：成功
[2023-02-23 21:08:35,566][utils.py 36][INFO]:message实际结果是：成功
[2023-02-23 21:08:35,566][test_feedback.py 16][INFO]:http返回:{"data":null,"message":"成功","extraData":null,"hr":0}
[2023-02-23 21:08:35,566][test_feedback.py 17][INFO]:----------test end:点击首页,action=61
[2023-02-23 21:08:35,568][test_feedback.py 13][INFO]:----------test start:点击首页,action=62
[2023-02-23 21:08:35,613][utils.py 35][INFO]:hr预期结果是：0
[2023-02-23 21:08:35,613][utils.py 36][INFO]:hr实际结果是：0
[2023-02-23 21:08:35,613][utils.py 35][INFO]:message预期结果是：成功
[2023-02-23 21:08:35,613][utils.py 36][INFO]:message实际结果是：成功
[2023-02-23 21:08:35,613][test_feedback.py 16][INFO]:http返回:{"data":null,"message":"成功","extraData":null,"hr":0}
[2023-02-23 21:08:35,613][test_feedback.py 17][INFO]:----------test end:点击首页,action=62
[2023-02-23 21:08:35,615][test_feedback.py 13][INFO]:----------test start:点击首页,action=1
[2023-02-23 21:08:35,657][utils.py 35][INFO]:hr预期结果是：0
[2023-02-23 21:08:35,658][utils.py 36][INFO]:hr实际结果是：0
[2023-02-23 21:08:35,671][utils.py 35][INFO]:message预期结果是：成功
[2023-02-23 21:08:35,672][utils.py 36][INFO]:message实际结果是：成功
[2023-02-23 21:08:35,672][test_feedback.py 16][INFO]:http返回:{"data":null,"message":"成功","extraData":null,"hr":0}
[2023-02-23 21:08:35,672][test_feedback.py 17][INFO]:----------test end:点击首页,action=1
[2023-02-23 21:08:35,673][test_feedback.py 13][INFO]:----------test start:点击首页,action=None
[2023-02-23 21:08:35,711][utils.py 35][INFO]:hr预期结果是：-2147463167
[2023-02-23 21:08:35,711][utils.py 36][INFO]:hr实际结果是：-2147463167
[2023-02-23 21:08:35,712][utils.py 35][INFO]:message预期结果是：无效的参数
[2023-02-23 21:08:35,712][utils.py 36][INFO]:message实际结果是：无效的参数
[2023-02-23 21:08:35,712][test_feedback.py 16][INFO]:http返回:{"data":{"failedContentList":[{"id":"","action":null,"grade":null,"scanDuration":null}]},"message":"无效的参数","extraData":null,"hr":-2147463167}
[2023-02-23 21:08:35,712][test_feedback.py 17][INFO]:----------test end:点击首页,action=None
[2023-02-23 21:15:49,549][test_feedback.py 13][INFO]:----------test start:点击首页,action=5
[2023-02-23 21:15:49,549][request_utils.py 24][INFO]:test start：点击首页,action=5
[2023-02-23 21:15:49,717][utils.py 35][INFO]:hr预期结果是：0
[2023-02-23 21:15:49,717][utils.py 36][INFO]:hr实际结果是：0
[2023-02-23 21:15:49,717][utils.py 35][INFO]:message预期结果是：成功
[2023-02-23 21:15:49,717][utils.py 36][INFO]:message实际结果是：成功
[2023-02-23 21:15:49,717][test_feedback.py 16][INFO]:http返回:{"data":null,"message":"成功","extraData":null,"hr":0}
[2023-02-23 21:15:49,717][test_feedback.py 17][INFO]:----------test end:点击首页,action=5
[2023-02-23 21:15:49,720][test_feedback.py 13][INFO]:----------test start:匿名用户点击首页,action=5
[2023-02-23 21:15:49,720][request_utils.py 24][INFO]:test start：匿名用户点击首页,action=5
[2023-02-23 21:15:49,775][utils.py 35][INFO]:hr预期结果是：0
[2023-02-23 21:15:49,775][utils.py 36][INFO]:hr实际结果是：0
[2023-02-23 21:15:49,776][utils.py 35][INFO]:message预期结果是：成功
[2023-02-23 21:15:49,776][utils.py 36][INFO]:message实际结果是：成功
[2023-02-23 21:15:49,776][test_feedback.py 16][INFO]:http返回:{"data":null,"message":"成功","extraData":null,"hr":0}
[2023-02-23 21:15:49,776][test_feedback.py 17][INFO]:----------test end:匿名用户点击首页,action=5
[2023-02-23 21:15:49,778][test_feedback.py 13][INFO]:----------test start:点击首页,action=16
[2023-02-23 21:15:49,779][request_utils.py 24][INFO]:test start：点击首页,action=16
[2023-02-23 21:15:49,953][utils.py 35][INFO]:hr预期结果是：0
[2023-02-23 21:15:49,953][utils.py 36][INFO]:hr实际结果是：0
[2023-02-23 21:15:49,953][utils.py 35][INFO]:message预期结果是：成功
[2023-02-23 21:15:49,953][utils.py 36][INFO]:message实际结果是：成功
[2023-02-23 21:15:49,954][test_feedback.py 16][INFO]:http返回:{"data":null,"message":"成功","extraData":null,"hr":0}
[2023-02-23 21:15:49,954][test_feedback.py 17][INFO]:----------test end:点击首页,action=16
[2023-02-23 21:15:49,955][test_feedback.py 13][INFO]:----------test start:点击首页,action=61
[2023-02-23 21:15:49,955][request_utils.py 24][INFO]:test start：点击首页,action=61
[2023-02-23 21:15:49,996][utils.py 35][INFO]:hr预期结果是：0
[2023-02-23 21:15:49,997][utils.py 36][INFO]:hr实际结果是：0
[2023-02-23 21:15:49,997][utils.py 35][INFO]:message预期结果是：成功
[2023-02-23 21:15:49,997][utils.py 36][INFO]:message实际结果是：成功
[2023-02-23 21:15:49,997][test_feedback.py 16][INFO]:http返回:{"data":null,"message":"成功","extraData":null,"hr":0}
[2023-02-23 21:15:49,997][test_feedback.py 17][INFO]:----------test end:点击首页,action=61
[2023-02-23 21:15:49,998][test_feedback.py 13][INFO]:----------test start:点击首页,action=62
[2023-02-23 21:15:49,999][request_utils.py 24][INFO]:test start：点击首页,action=62
[2023-02-23 21:15:50,042][utils.py 35][INFO]:hr预期结果是：0
[2023-02-23 21:15:50,042][utils.py 36][INFO]:hr实际结果是：0
[2023-02-23 21:15:50,042][utils.py 35][INFO]:message预期结果是：成功
[2023-02-23 21:15:50,042][utils.py 36][INFO]:message实际结果是：成功
[2023-02-23 21:15:50,043][test_feedback.py 16][INFO]:http返回:{"data":null,"message":"成功","extraData":null,"hr":0}
[2023-02-23 21:15:50,043][test_feedback.py 17][INFO]:----------test end:点击首页,action=62
[2023-02-23 21:15:50,044][test_feedback.py 13][INFO]:----------test start:点击首页,action=1
[2023-02-23 21:15:50,045][request_utils.py 24][INFO]:test start：点击首页,action=1
[2023-02-23 21:15:50,084][utils.py 35][INFO]:hr预期结果是：0
[2023-02-23 21:15:50,084][utils.py 36][INFO]:hr实际结果是：0
[2023-02-23 21:15:50,100][utils.py 35][INFO]:message预期结果是：成功
[2023-02-23 21:15:50,100][utils.py 36][INFO]:message实际结果是：成功
[2023-02-23 21:15:50,100][test_feedback.py 16][INFO]:http返回:{"data":null,"message":"成功","extraData":null,"hr":0}
[2023-02-23 21:15:50,100][test_feedback.py 17][INFO]:----------test end:点击首页,action=1
[2023-02-23 21:15:50,101][test_feedback.py 13][INFO]:----------test start:点击首页,action=None
[2023-02-23 21:15:50,101][request_utils.py 24][INFO]:test start：点击首页,action=None
[2023-02-23 21:15:50,140][utils.py 35][INFO]:hr预期结果是：-2147463167
[2023-02-23 21:15:50,140][utils.py 36][INFO]:hr实际结果是：-2147463167
[2023-02-23 21:15:50,140][utils.py 35][INFO]:message预期结果是：无效的参数
[2023-02-23 21:15:50,140][utils.py 36][INFO]:message实际结果是：无效的参数
[2023-02-23 21:15:50,140][test_feedback.py 16][INFO]:http返回:{"data":{"failedContentList":[{"id":"","action":null,"grade":null,"scanDuration":null}]},"message":"无效的参数","extraData":null,"hr":-2147463167}
[2023-02-23 21:15:50,140][test_feedback.py 17][INFO]:----------test end:点击首页,action=None
[2023-02-23 21:17:10,980][request_utils.py 24][INFO]:test start：点击首页,action=5
[2023-02-23 21:17:11,131][utils.py 35][INFO]:hr预期结果是：0
[2023-02-23 21:17:11,131][utils.py 36][INFO]:hr实际结果是：0
[2023-02-23 21:17:11,131][utils.py 35][INFO]:message预期结果是：成功
[2023-02-23 21:17:11,131][utils.py 36][INFO]:message实际结果是：成功
[2023-02-23 21:17:11,131][test_feedback.py 15][INFO]:http返回:{"data":null,"message":"成功","extraData":null,"hr":0}
[2023-02-23 21:17:11,131][test_feedback.py 16][INFO]:est end:点击首页,action=5
[2023-02-23 21:17:11,134][request_utils.py 24][INFO]:test start：匿名用户点击首页,action=5
[2023-02-23 21:17:11,184][utils.py 35][INFO]:hr预期结果是：0
[2023-02-23 21:17:11,185][utils.py 36][INFO]:hr实际结果是：0
[2023-02-23 21:17:11,185][utils.py 35][INFO]:message预期结果是：成功
[2023-02-23 21:17:11,185][utils.py 36][INFO]:message实际结果是：成功
[2023-02-23 21:17:11,185][test_feedback.py 15][INFO]:http返回:{"data":null,"message":"成功","extraData":null,"hr":0}
[2023-02-23 21:17:11,185][test_feedback.py 16][INFO]:est end:匿名用户点击首页,action=5
[2023-02-23 21:17:11,186][request_utils.py 24][INFO]:test start：点击首页,action=16
[2023-02-23 21:17:11,338][utils.py 35][INFO]:hr预期结果是：0
[2023-02-23 21:17:11,338][utils.py 36][INFO]:hr实际结果是：0
[2023-02-23 21:17:11,338][utils.py 35][INFO]:message预期结果是：成功
[2023-02-23 21:17:11,339][utils.py 36][INFO]:message实际结果是：成功
[2023-02-23 21:17:11,339][test_feedback.py 15][INFO]:http返回:{"data":null,"message":"成功","extraData":null,"hr":0}
[2023-02-23 21:17:11,339][test_feedback.py 16][INFO]:est end:点击首页,action=16
[2023-02-23 21:17:11,341][request_utils.py 24][INFO]:test start：点击首页,action=61
[2023-02-23 21:17:11,382][utils.py 35][INFO]:hr预期结果是：0
[2023-02-23 21:17:11,382][utils.py 36][INFO]:hr实际结果是：0
[2023-02-23 21:17:11,382][utils.py 35][INFO]:message预期结果是：成功
[2023-02-23 21:17:11,382][utils.py 36][INFO]:message实际结果是：成功
[2023-02-23 21:17:11,383][test_feedback.py 15][INFO]:http返回:{"data":null,"message":"成功","extraData":null,"hr":0}
[2023-02-23 21:17:11,383][test_feedback.py 16][INFO]:est end:点击首页,action=61
[2023-02-23 21:17:11,385][request_utils.py 24][INFO]:test start：点击首页,action=62
[2023-02-23 21:17:11,426][utils.py 35][INFO]:hr预期结果是：0
[2023-02-23 21:17:11,426][utils.py 36][INFO]:hr实际结果是：0
[2023-02-23 21:17:11,427][utils.py 35][INFO]:message预期结果是：成功
[2023-02-23 21:17:11,427][utils.py 36][INFO]:message实际结果是：成功
[2023-02-23 21:17:11,427][test_feedback.py 15][INFO]:http返回:{"data":null,"message":"成功","extraData":null,"hr":0}
[2023-02-23 21:17:11,427][test_feedback.py 16][INFO]:est end:点击首页,action=62
[2023-02-23 21:17:11,430][request_utils.py 24][INFO]:test start：点击首页,action=1
[2023-02-23 21:17:11,470][utils.py 35][INFO]:hr预期结果是：0
[2023-02-23 21:17:11,471][utils.py 36][INFO]:hr实际结果是：0
[2023-02-23 21:17:11,487][utils.py 35][INFO]:message预期结果是：成功
[2023-02-23 21:17:11,487][utils.py 36][INFO]:message实际结果是：成功
[2023-02-23 21:17:11,487][test_feedback.py 15][INFO]:http返回:{"data":null,"message":"成功","extraData":null,"hr":0}
[2023-02-23 21:17:11,487][test_feedback.py 16][INFO]:est end:点击首页,action=1
[2023-02-23 21:17:11,488][request_utils.py 24][INFO]:test start：点击首页,action=None
[2023-02-23 21:17:11,522][utils.py 35][INFO]:hr预期结果是：-2147463167
[2023-02-23 21:17:11,523][utils.py 36][INFO]:hr实际结果是：-2147463167
[2023-02-23 21:17:11,523][utils.py 35][INFO]:message预期结果是：无效的参数
[2023-02-23 21:17:11,523][utils.py 36][INFO]:message实际结果是：无效的参数
[2023-02-23 21:17:11,523][test_feedback.py 15][INFO]:http返回:{"data":{"failedContentList":[{"id":"","action":null,"grade":null,"scanDuration":null}]},"message":"无效的参数","extraData":null,"hr":-2147463167}
[2023-02-23 21:17:11,523][test_feedback.py 16][INFO]:est end:点击首页,action=None
[2023-02-23 21:17:42,178][request_utils.py 24][INFO]:test start：点击首页,action=5
[2023-02-23 21:17:42,328][utils.py 35][INFO]:hr预期结果是：0
[2023-02-23 21:17:42,330][utils.py 36][INFO]:hr实际结果是：0
[2023-02-23 21:17:42,330][utils.py 35][INFO]:message预期结果是：成功
[2023-02-23 21:17:42,330][utils.py 36][INFO]:message实际结果是：成功
[2023-02-23 21:17:42,330][test_feedback.py 15][INFO]:http返回:{"data":null,"message":"成功","extraData":null,"hr":0}
[2023-02-23 21:17:42,330][test_feedback.py 16][INFO]:est end：点击首页,action=5
[2023-02-23 21:17:42,332][request_utils.py 24][INFO]:test start：匿名用户点击首页,action=5
[2023-02-23 21:17:42,387][utils.py 35][INFO]:hr预期结果是：0
[2023-02-23 21:17:42,387][utils.py 36][INFO]:hr实际结果是：0
[2023-02-23 21:17:42,387][utils.py 35][INFO]:message预期结果是：成功
[2023-02-23 21:17:42,387][utils.py 36][INFO]:message实际结果是：成功
[2023-02-23 21:17:42,387][test_feedback.py 15][INFO]:http返回:{"data":null,"message":"成功","extraData":null,"hr":0}
[2023-02-23 21:17:42,387][test_feedback.py 16][INFO]:est end：匿名用户点击首页,action=5
[2023-02-23 21:17:42,388][request_utils.py 24][INFO]:test start：点击首页,action=16
[2023-02-23 21:17:42,516][utils.py 35][INFO]:hr预期结果是：0
[2023-02-23 21:17:42,516][utils.py 36][INFO]:hr实际结果是：0
[2023-02-23 21:17:42,517][utils.py 35][INFO]:message预期结果是：成功
[2023-02-23 21:17:42,517][utils.py 36][INFO]:message实际结果是：成功
[2023-02-23 21:17:42,517][test_feedback.py 15][INFO]:http返回:{"data":null,"message":"成功","extraData":null,"hr":0}
[2023-02-23 21:17:42,517][test_feedback.py 16][INFO]:est end：点击首页,action=16
[2023-02-23 21:17:42,520][request_utils.py 24][INFO]:test start：点击首页,action=61
[2023-02-23 21:17:42,564][utils.py 35][INFO]:hr预期结果是：0
[2023-02-23 21:17:42,564][utils.py 36][INFO]:hr实际结果是：0
[2023-02-23 21:17:42,564][utils.py 35][INFO]:message预期结果是：成功
[2023-02-23 21:17:42,565][utils.py 36][INFO]:message实际结果是：成功
[2023-02-23 21:17:42,565][test_feedback.py 15][INFO]:http返回:{"data":null,"message":"成功","extraData":null,"hr":0}
[2023-02-23 21:17:42,565][test_feedback.py 16][INFO]:est end：点击首页,action=61
[2023-02-23 21:17:42,567][request_utils.py 24][INFO]:test start：点击首页,action=62
[2023-02-23 21:17:42,603][utils.py 35][INFO]:hr预期结果是：0
[2023-02-23 21:17:42,604][utils.py 36][INFO]:hr实际结果是：0
[2023-02-23 21:17:42,604][utils.py 35][INFO]:message预期结果是：成功
[2023-02-23 21:17:42,604][utils.py 36][INFO]:message实际结果是：成功
[2023-02-23 21:17:42,604][test_feedback.py 15][INFO]:http返回:{"data":null,"message":"成功","extraData":null,"hr":0}
[2023-02-23 21:17:42,604][test_feedback.py 16][INFO]:est end：点击首页,action=62
[2023-02-23 21:17:42,607][request_utils.py 24][INFO]:test start：点击首页,action=1
[2023-02-23 21:17:42,649][utils.py 35][INFO]:hr预期结果是：0
[2023-02-23 21:17:42,649][utils.py 36][INFO]:hr实际结果是：0
[2023-02-23 21:17:42,666][utils.py 35][INFO]:message预期结果是：成功
[2023-02-23 21:17:42,666][utils.py 36][INFO]:message实际结果是：成功
[2023-02-23 21:17:42,666][test_feedback.py 15][INFO]:http返回:{"data":null,"message":"成功","extraData":null,"hr":0}
[2023-02-23 21:17:42,666][test_feedback.py 16][INFO]:est end：点击首页,action=1
[2023-02-23 21:17:42,667][request_utils.py 24][INFO]:test start：点击首页,action=None
[2023-02-23 21:17:42,702][utils.py 35][INFO]:hr预期结果是：-2147463167
[2023-02-23 21:17:42,702][utils.py 36][INFO]:hr实际结果是：-2147463167
[2023-02-23 21:17:42,702][utils.py 35][INFO]:message预期结果是：无效的参数
[2023-02-23 21:17:42,702][utils.py 36][INFO]:message实际结果是：无效的参数
[2023-02-23 21:17:42,702][test_feedback.py 15][INFO]:http返回:{"data":{"failedContentList":[{"id":"","action":null,"grade":null,"scanDuration":null}]},"message":"无效的参数","extraData":null,"hr":-2147463167}
[2023-02-23 21:17:42,702][test_feedback.py 16][INFO]:est end：点击首页,action=None
[2023-02-23 21:20:08,534][request_utils.py 24][INFO]:test start：创建匿名用户-Type=1(ios)
[2023-02-23 21:20:08,690][utils.py 35][INFO]:hr预期结果是：0
[2023-02-23 21:20:08,690][utils.py 36][INFO]:hr实际结果是：0
[2023-02-23 21:20:08,690][utils.py 35][INFO]:message预期结果是：成功
[2023-02-23 21:20:08,690][utils.py 36][INFO]:message实际结果是：成功
[2023-02-23 21:20:08,690][test_anonymous.py 28][INFO]:test end:创建匿名用户-Type=1(ios)
[2023-02-23 21:20:08,692][request_utils.py 24][INFO]:test start：创建匿名用户-Type=2(android)
[2023-02-23 21:20:08,746][utils.py 35][INFO]:hr预期结果是：0
[2023-02-23 21:20:08,746][utils.py 36][INFO]:hr实际结果是：0
[2023-02-23 21:20:08,746][utils.py 35][INFO]:message预期结果是：成功
[2023-02-23 21:20:08,746][utils.py 36][INFO]:message实际结果是：成功
[2023-02-23 21:20:08,746][test_anonymous.py 28][INFO]:test end:创建匿名用户-Type=2(android)
[2023-02-23 21:20:08,747][request_utils.py 24][INFO]:test start：创建匿名用户-Type=3(pc_web)
[2023-02-23 21:20:08,805][utils.py 35][INFO]:hr预期结果是：0
[2023-02-23 21:20:08,805][utils.py 36][INFO]:hr实际结果是：0
[2023-02-23 21:20:08,805][utils.py 35][INFO]:message预期结果是：成功
[2023-02-23 21:20:08,805][utils.py 36][INFO]:message实际结果是：成功
[2023-02-23 21:20:08,805][test_anonymous.py 28][INFO]:test end:创建匿名用户-Type=3(pc_web)
[2023-02-23 21:20:08,806][request_utils.py 24][INFO]:test start：创建匿名用户-Type=4(m_site)
[2023-02-23 21:20:08,874][utils.py 35][INFO]:hr预期结果是：0
[2023-02-23 21:20:08,874][utils.py 36][INFO]:hr实际结果是：0
[2023-02-23 21:20:08,874][utils.py 35][INFO]:message预期结果是：成功
[2023-02-23 21:20:08,875][utils.py 36][INFO]:message实际结果是：成功
[2023-02-23 21:20:08,875][test_anonymous.py 28][INFO]:test end:创建匿名用户-Type=4(m_site)
[2023-02-23 21:20:08,875][request_utils.py 24][INFO]:test start：创建匿名用户-Type=5(小程序)
[2023-02-23 21:20:08,928][utils.py 35][INFO]:hr预期结果是：0
[2023-02-23 21:20:08,928][utils.py 36][INFO]:hr实际结果是：0
[2023-02-23 21:20:08,928][utils.py 35][INFO]:message预期结果是：成功
[2023-02-23 21:20:08,928][utils.py 36][INFO]:message实际结果是：成功
[2023-02-23 21:20:08,928][test_anonymous.py 28][INFO]:test end:创建匿名用户-Type=5(小程序)
[2023-02-23 21:20:08,929][request_utils.py 24][INFO]:test start：创建匿名用户-Type=6(直播客户端)
[2023-02-23 21:20:08,982][utils.py 35][INFO]:hr预期结果是：0
[2023-02-23 21:20:08,982][utils.py 36][INFO]:hr实际结果是：0
[2023-02-23 21:20:08,992][utils.py 35][INFO]:message预期结果是：成功
[2023-02-23 21:20:08,992][utils.py 36][INFO]:message实际结果是：成功
[2023-02-23 21:20:08,992][test_anonymous.py 28][INFO]:test end:创建匿名用户-Type=6(直播客户端)
[2023-02-23 21:20:08,993][request_utils.py 24][INFO]:test start：创建匿名用户-Type=0(非法)
[2023-02-23 21:20:09,026][utils.py 35][INFO]:$.hr预期结果是：-2147463167
[2023-02-23 21:20:09,026][utils.py 36][INFO]:$.hr实际结果是：-2147463167
[2023-02-23 21:20:09,026][utils.py 35][INFO]:$.message预期结果是：无效的参数
[2023-02-23 21:20:09,027][utils.py 36][INFO]:$.message实际结果是：无效的参数
[2023-02-23 21:20:09,027][test_anonymous.py 28][INFO]:test end:创建匿名用户-Type=0(非法)
[2023-02-23 21:20:09,027][request_utils.py 24][INFO]:test start：创建匿名用户-Type=None(空)
[2023-02-23 21:20:09,059][utils.py 35][INFO]:$.hr预期结果是：-2147463167
[2023-02-23 21:20:09,059][utils.py 36][INFO]:$.hr实际结果是：-2147463167
[2023-02-23 21:20:09,060][utils.py 35][INFO]:$.message预期结果是：无效的参数
[2023-02-23 21:20:09,060][utils.py 36][INFO]:$.message实际结果是：无效的参数
[2023-02-23 21:20:09,060][test_anonymous.py 28][INFO]:test end:创建匿名用户-Type=None(空)
[2023-02-23 21:20:48,489][request_utils.py 24][INFO]:test start：创建匿名用户-Type=1(ios)
[2023-02-23 21:20:48,641][utils.py 35][INFO]:hr预期结果是：0
[2023-02-23 21:20:48,641][utils.py 36][INFO]:hr实际结果是：0
[2023-02-23 21:20:48,641][utils.py 35][INFO]:message预期结果是：成功
[2023-02-23 21:20:48,641][utils.py 36][INFO]:message实际结果是：成功
[2023-02-23 21:20:48,641][test_anonymous.py 28][INFO]:test end:创建匿名用户-Type=1(ios)
[2023-02-23 21:20:48,643][request_utils.py 24][INFO]:test start：创建匿名用户-Type=2(android)
[2023-02-23 21:20:48,684][utils.py 35][INFO]:hr预期结果是：0
[2023-02-23 21:20:48,684][utils.py 36][INFO]:hr实际结果是：0
[2023-02-23 21:20:48,684][utils.py 35][INFO]:message预期结果是：成功
[2023-02-23 21:20:48,684][utils.py 36][INFO]:message实际结果是：成功
[2023-02-23 21:20:48,684][test_anonymous.py 28][INFO]:test end:创建匿名用户-Type=2(android)
[2023-02-23 21:20:48,685][request_utils.py 24][INFO]:test start：创建匿名用户-Type=3(pc_web)
[2023-02-23 21:20:48,728][utils.py 35][INFO]:hr预期结果是：0
[2023-02-23 21:20:48,728][utils.py 36][INFO]:hr实际结果是：0
[2023-02-23 21:20:48,729][utils.py 35][INFO]:message预期结果是：成功
[2023-02-23 21:20:48,729][utils.py 36][INFO]:message实际结果是：成功
[2023-02-23 21:20:48,729][test_anonymous.py 28][INFO]:test end:创建匿名用户-Type=3(pc_web)
[2023-02-23 21:20:48,731][request_utils.py 24][INFO]:test start：创建匿名用户-Type=4(m_site)
[2023-02-23 21:20:48,776][utils.py 35][INFO]:hr预期结果是：0
[2023-02-23 21:20:48,777][utils.py 36][INFO]:hr实际结果是：0
[2023-02-23 21:20:48,777][utils.py 35][INFO]:message预期结果是：成功
[2023-02-23 21:20:48,778][utils.py 36][INFO]:message实际结果是：成功
[2023-02-23 21:20:48,778][test_anonymous.py 28][INFO]:test end:创建匿名用户-Type=4(m_site)
[2023-02-23 21:20:48,781][request_utils.py 24][INFO]:test start：创建匿名用户-Type=5(小程序)
[2023-02-23 21:20:48,825][utils.py 35][INFO]:hr预期结果是：0
[2023-02-23 21:20:48,825][utils.py 36][INFO]:hr实际结果是：0
[2023-02-23 21:20:48,825][utils.py 35][INFO]:message预期结果是：成功
[2023-02-23 21:20:48,825][utils.py 36][INFO]:message实际结果是：成功
[2023-02-23 21:20:48,825][test_anonymous.py 28][INFO]:test end:创建匿名用户-Type=5(小程序)
[2023-02-23 21:20:48,827][request_utils.py 24][INFO]:test start：创建匿名用户-Type=6(直播客户端)
[2023-02-23 21:20:48,872][utils.py 35][INFO]:hr预期结果是：0
[2023-02-23 21:20:48,872][utils.py 36][INFO]:hr实际结果是：0
[2023-02-23 21:20:48,886][utils.py 35][INFO]:message预期结果是：成功
[2023-02-23 21:20:48,886][utils.py 36][INFO]:message实际结果是：成功
[2023-02-23 21:20:48,886][test_anonymous.py 28][INFO]:test end:创建匿名用户-Type=6(直播客户端)
[2023-02-23 21:20:48,887][request_utils.py 24][INFO]:test start：创建匿名用户-Type=0(非法)
[2023-02-23 21:20:48,922][utils.py 35][INFO]:$.hr预期结果是：-2147463167
[2023-02-23 21:20:48,923][utils.py 36][INFO]:$.hr实际结果是：-2147463167
[2023-02-23 21:20:48,923][utils.py 35][INFO]:$.message预期结果是：无效的参数
[2023-02-23 21:20:48,923][utils.py 36][INFO]:$.message实际结果是：无效的参数
[2023-02-23 21:20:48,923][test_anonymous.py 28][INFO]:test end:创建匿名用户-Type=0(非法)
[2023-02-23 21:20:48,924][request_utils.py 24][INFO]:test start：创建匿名用户-Type=None(空)
[2023-02-23 21:20:48,955][utils.py 35][INFO]:$.hr预期结果是：-2147463167
[2023-02-23 21:20:48,955][utils.py 36][INFO]:$.hr实际结果是：-2147463167
[2023-02-23 21:20:48,955][utils.py 35][INFO]:$.message预期结果是：无效的参数
[2023-02-23 21:20:48,955][utils.py 36][INFO]:$.message实际结果是：无效的参数
[2023-02-23 21:20:48,955][test_anonymous.py 28][INFO]:test end:创建匿名用户-Type=None(空)
[2023-02-23 21:21:52,914][request_utils.py 24][INFO]:test start：创建匿名用户-Type=1(ios)
[2023-02-23 21:21:53,067][utils.py 35][INFO]:$.hr预期结果是：0
[2023-02-23 21:21:53,068][utils.py 36][INFO]:$.hr实际结果是：0
[2023-02-23 21:21:53,068][utils.py 35][INFO]:$.message预期结果是：成功
[2023-02-23 21:21:53,068][utils.py 36][INFO]:$.message实际结果是：成功
[2023-02-23 21:21:53,068][test_anonymous.py 28][INFO]:test end:创建匿名用户-Type=1(ios)
[2023-02-23 21:21:53,069][request_utils.py 24][INFO]:test start：创建匿名用户-Type=2(android)
[2023-02-23 21:21:53,109][utils.py 35][INFO]:$.hr预期结果是：0
[2023-02-23 21:21:53,109][utils.py 36][INFO]:$.hr实际结果是：0
[2023-02-23 21:21:53,109][utils.py 35][INFO]:$.message预期结果是：成功
[2023-02-23 21:21:53,109][utils.py 36][INFO]:$.message实际结果是：成功
[2023-02-23 21:21:53,109][test_anonymous.py 28][INFO]:test end:创建匿名用户-Type=2(android)
[2023-02-23 21:21:53,110][request_utils.py 24][INFO]:test start：创建匿名用户-Type=3(pc_web)
[2023-02-23 21:21:53,152][utils.py 35][INFO]:hr预期结果是：0
[2023-02-23 21:21:53,153][utils.py 36][INFO]:hr实际结果是：0
[2023-02-23 21:21:53,153][utils.py 35][INFO]:message预期结果是：成功
[2023-02-23 21:21:53,153][utils.py 36][INFO]:message实际结果是：成功
[2023-02-23 21:21:53,153][test_anonymous.py 28][INFO]:test end:创建匿名用户-Type=3(pc_web)
[2023-02-23 21:21:53,154][request_utils.py 24][INFO]:test start：创建匿名用户-Type=4(m_site)
[2023-02-23 21:21:53,194][utils.py 35][INFO]:hr预期结果是：0
[2023-02-23 21:21:53,194][utils.py 36][INFO]:hr实际结果是：0
[2023-02-23 21:21:53,195][utils.py 35][INFO]:message预期结果是：成功
[2023-02-23 21:21:53,195][utils.py 36][INFO]:message实际结果是：成功
[2023-02-23 21:21:53,195][test_anonymous.py 28][INFO]:test end:创建匿名用户-Type=4(m_site)
[2023-02-23 21:21:53,196][request_utils.py 24][INFO]:test start：创建匿名用户-Type=5(小程序)
[2023-02-23 21:21:53,236][utils.py 35][INFO]:hr预期结果是：0
[2023-02-23 21:21:53,236][utils.py 36][INFO]:hr实际结果是：0
[2023-02-23 21:21:53,236][utils.py 35][INFO]:message预期结果是：成功
[2023-02-23 21:21:53,236][utils.py 36][INFO]:message实际结果是：成功
[2023-02-23 21:21:53,236][test_anonymous.py 28][INFO]:test end:创建匿名用户-Type=5(小程序)
[2023-02-23 21:21:53,237][request_utils.py 24][INFO]:test start：创建匿名用户-Type=6(直播客户端)
[2023-02-23 21:21:53,277][utils.py 35][INFO]:$.hr预期结果是：0
[2023-02-23 21:21:53,277][utils.py 36][INFO]:$.hr实际结果是：0
[2023-02-23 21:21:53,291][utils.py 35][INFO]:$.message预期结果是：成功
[2023-02-23 21:21:53,291][utils.py 36][INFO]:$.message实际结果是：成功
[2023-02-23 21:21:53,291][test_anonymous.py 28][INFO]:test end:创建匿名用户-Type=6(直播客户端)
[2023-02-23 21:21:53,292][request_utils.py 24][INFO]:test start：创建匿名用户-Type=0(非法)
[2023-02-23 21:21:53,327][utils.py 35][INFO]:$.hr预期结果是：-2147463167
[2023-02-23 21:21:53,327][utils.py 36][INFO]:$.hr实际结果是：-2147463167
[2023-02-23 21:21:53,328][utils.py 35][INFO]:$.message预期结果是：无效的参数
[2023-02-23 21:21:53,328][utils.py 36][INFO]:$.message实际结果是：无效的参数
[2023-02-23 21:21:53,328][test_anonymous.py 28][INFO]:test end:创建匿名用户-Type=0(非法)
[2023-02-23 21:21:53,329][request_utils.py 24][INFO]:test start：创建匿名用户-Type=None(空)
[2023-02-23 21:21:53,358][utils.py 35][INFO]:$.hr预期结果是：-2147463167
[2023-02-23 21:21:53,358][utils.py 36][INFO]:$.hr实际结果是：-2147463167
[2023-02-23 21:21:53,359][utils.py 35][INFO]:$.message预期结果是：无效的参数
[2023-02-23 21:21:53,359][utils.py 36][INFO]:$.message实际结果是：无效的参数
[2023-02-23 21:21:53,359][test_anonymous.py 28][INFO]:test end:创建匿名用户-Type=None(空)
[2023-02-23 21:22:59,723][request_utils.py 24][INFO]:test start：创建匿名用户-Type=1(ios)https://api.qingshuxuetang.com/v22_13/account/createAnonymous
[2023-02-23 21:22:59,876][utils.py 35][INFO]:$.hr预期结果是：0
[2023-02-23 21:22:59,876][utils.py 36][INFO]:$.hr实际结果是：0
[2023-02-23 21:22:59,876][utils.py 35][INFO]:$.message预期结果是：成功
[2023-02-23 21:22:59,876][utils.py 36][INFO]:$.message实际结果是：成功
[2023-02-23 21:22:59,877][test_anonymous.py 28][INFO]:test end:创建匿名用户-Type=1(ios)
[2023-02-23 21:22:59,878][request_utils.py 24][INFO]:test start：创建匿名用户-Type=2(android)https://api.qingshuxuetang.com/v22_13/account/createAnonymous
[2023-02-23 21:22:59,920][utils.py 35][INFO]:$.hr预期结果是：0
[2023-02-23 21:22:59,920][utils.py 36][INFO]:$.hr实际结果是：0
[2023-02-23 21:22:59,920][utils.py 35][INFO]:$.message预期结果是：成功
[2023-02-23 21:22:59,920][utils.py 36][INFO]:$.message实际结果是：成功
[2023-02-23 21:22:59,920][test_anonymous.py 28][INFO]:test end:创建匿名用户-Type=2(android)
[2023-02-23 21:22:59,921][request_utils.py 24][INFO]:test start：创建匿名用户-Type=3(pc_web)https://api.qingshuxuetang.com/v22_13/account/createAnonymous
[2023-02-23 21:22:59,970][utils.py 35][INFO]:hr预期结果是：0
[2023-02-23 21:22:59,970][utils.py 36][INFO]:hr实际结果是：0
[2023-02-23 21:22:59,970][utils.py 35][INFO]:message预期结果是：成功
[2023-02-23 21:22:59,970][utils.py 36][INFO]:message实际结果是：成功
[2023-02-23 21:22:59,970][test_anonymous.py 28][INFO]:test end:创建匿名用户-Type=3(pc_web)
[2023-02-23 21:22:59,971][request_utils.py 24][INFO]:test start：创建匿名用户-Type=4(m_site)https://api.qingshuxuetang.com/v22_13/account/createAnonymous
[2023-02-23 21:23:00,015][utils.py 35][INFO]:hr预期结果是：0
[2023-02-23 21:23:00,016][utils.py 36][INFO]:hr实际结果是：0
[2023-02-23 21:23:00,016][utils.py 35][INFO]:message预期结果是：成功
[2023-02-23 21:23:00,016][utils.py 36][INFO]:message实际结果是：成功
[2023-02-23 21:23:00,016][test_anonymous.py 28][INFO]:test end:创建匿名用户-Type=4(m_site)
[2023-02-23 21:23:00,018][request_utils.py 24][INFO]:test start：创建匿名用户-Type=5(小程序)https://api.qingshuxuetang.com/v22_13/account/createAnonymous
[2023-02-23 21:23:00,062][utils.py 35][INFO]:hr预期结果是：0
[2023-02-23 21:23:00,062][utils.py 36][INFO]:hr实际结果是：0
[2023-02-23 21:23:00,063][utils.py 35][INFO]:message预期结果是：成功
[2023-02-23 21:23:00,063][utils.py 36][INFO]:message实际结果是：成功
[2023-02-23 21:23:00,063][test_anonymous.py 28][INFO]:test end:创建匿名用户-Type=5(小程序)
[2023-02-23 21:23:00,065][request_utils.py 24][INFO]:test start：创建匿名用户-Type=6(直播客户端)https://api.qingshuxuetang.com/v22_13/account/createAnonymous
[2023-02-23 21:23:00,110][utils.py 35][INFO]:$.hr预期结果是：0
[2023-02-23 21:23:00,110][utils.py 36][INFO]:$.hr实际结果是：0
[2023-02-23 21:23:00,125][utils.py 35][INFO]:$.message预期结果是：成功
[2023-02-23 21:23:00,125][utils.py 36][INFO]:$.message实际结果是：成功
[2023-02-23 21:23:00,125][test_anonymous.py 28][INFO]:test end:创建匿名用户-Type=6(直播客户端)
[2023-02-23 21:23:00,126][request_utils.py 24][INFO]:test start：创建匿名用户-Type=0(非法)https://api.qingshuxuetang.com/v22_13/account/createAnonymous
[2023-02-23 21:23:00,160][utils.py 35][INFO]:$.hr预期结果是：-2147463167
[2023-02-23 21:23:00,160][utils.py 36][INFO]:$.hr实际结果是：-2147463167
[2023-02-23 21:23:00,160][utils.py 35][INFO]:$.message预期结果是：无效的参数
[2023-02-23 21:23:00,160][utils.py 36][INFO]:$.message实际结果是：无效的参数
[2023-02-23 21:23:00,160][test_anonymous.py 28][INFO]:test end:创建匿名用户-Type=0(非法)
[2023-02-23 21:23:00,161][request_utils.py 24][INFO]:test start：创建匿名用户-Type=None(空)https://api.qingshuxuetang.com/v22_13/account/createAnonymous
[2023-02-23 21:23:00,192][utils.py 35][INFO]:$.hr预期结果是：-2147463167
[2023-02-23 21:23:00,193][utils.py 36][INFO]:$.hr实际结果是：-2147463167
[2023-02-23 21:23:00,193][utils.py 35][INFO]:$.message预期结果是：无效的参数
[2023-02-23 21:23:00,193][utils.py 36][INFO]:$.message实际结果是：无效的参数
[2023-02-23 21:23:00,193][test_anonymous.py 28][INFO]:test end:创建匿名用户-Type=None(空)
[2023-02-23 21:23:22,176][request_utils.py 24][INFO]:test start：创建匿名用户-Type=1(ios)url:https://api.qingshuxuetang.com/v22_13/account/createAnonymous
[2023-02-23 21:23:22,337][utils.py 35][INFO]:$.hr预期结果是：0
[2023-02-23 21:23:22,338][utils.py 36][INFO]:$.hr实际结果是：0
[2023-02-23 21:23:22,338][utils.py 35][INFO]:$.message预期结果是：成功
[2023-02-23 21:23:22,338][utils.py 36][INFO]:$.message实际结果是：成功
[2023-02-23 21:23:22,338][test_anonymous.py 28][INFO]:test end:创建匿名用户-Type=1(ios)
[2023-02-23 21:23:22,340][request_utils.py 24][INFO]:test start：创建匿名用户-Type=2(android)url:https://api.qingshuxuetang.com/v22_13/account/createAnonymous
[2023-02-23 21:23:22,386][utils.py 35][INFO]:$.hr预期结果是：0
[2023-02-23 21:23:22,386][utils.py 36][INFO]:$.hr实际结果是：0
[2023-02-23 21:23:22,387][utils.py 35][INFO]:$.message预期结果是：成功
[2023-02-23 21:23:22,387][utils.py 36][INFO]:$.message实际结果是：成功
[2023-02-23 21:23:22,387][test_anonymous.py 28][INFO]:test end:创建匿名用户-Type=2(android)
[2023-02-23 21:23:22,388][request_utils.py 24][INFO]:test start：创建匿名用户-Type=3(pc_web)url:https://api.qingshuxuetang.com/v22_13/account/createAnonymous
[2023-02-23 21:23:22,436][utils.py 35][INFO]:hr预期结果是：0
[2023-02-23 21:23:22,436][utils.py 36][INFO]:hr实际结果是：0
[2023-02-23 21:23:22,437][utils.py 35][INFO]:message预期结果是：成功
[2023-02-23 21:23:22,437][utils.py 36][INFO]:message实际结果是：成功
[2023-02-23 21:23:22,437][test_anonymous.py 28][INFO]:test end:创建匿名用户-Type=3(pc_web)
[2023-02-23 21:23:22,440][request_utils.py 24][INFO]:test start：创建匿名用户-Type=4(m_site)url:https://api.qingshuxuetang.com/v22_13/account/createAnonymous
[2023-02-23 21:23:22,487][utils.py 35][INFO]:hr预期结果是：0
[2023-02-23 21:23:22,487][utils.py 36][INFO]:hr实际结果是：0
[2023-02-23 21:23:22,487][utils.py 35][INFO]:message预期结果是：成功
[2023-02-23 21:23:22,487][utils.py 36][INFO]:message实际结果是：成功
[2023-02-23 21:23:22,487][test_anonymous.py 28][INFO]:test end:创建匿名用户-Type=4(m_site)
[2023-02-23 21:23:22,489][request_utils.py 24][INFO]:test start：创建匿名用户-Type=5(小程序)url:https://api.qingshuxuetang.com/v22_13/account/createAnonymous
[2023-02-23 21:23:22,533][utils.py 35][INFO]:hr预期结果是：0
[2023-02-23 21:23:22,533][utils.py 36][INFO]:hr实际结果是：0
[2023-02-23 21:23:22,534][utils.py 35][INFO]:message预期结果是：成功
[2023-02-23 21:23:22,534][utils.py 36][INFO]:message实际结果是：成功
[2023-02-23 21:23:22,534][test_anonymous.py 28][INFO]:test end:创建匿名用户-Type=5(小程序)
[2023-02-23 21:23:22,536][request_utils.py 24][INFO]:test start：创建匿名用户-Type=6(直播客户端)url:https://api.qingshuxuetang.com/v22_13/account/createAnonymous
[2023-02-23 21:23:22,582][utils.py 35][INFO]:$.hr预期结果是：0
[2023-02-23 21:23:22,582][utils.py 36][INFO]:$.hr实际结果是：0
[2023-02-23 21:23:22,595][utils.py 35][INFO]:$.message预期结果是：成功
[2023-02-23 21:23:22,595][utils.py 36][INFO]:$.message实际结果是：成功
[2023-02-23 21:23:22,596][test_anonymous.py 28][INFO]:test end:创建匿名用户-Type=6(直播客户端)
[2023-02-23 21:23:22,597][request_utils.py 24][INFO]:test start：创建匿名用户-Type=0(非法)url:https://api.qingshuxuetang.com/v22_13/account/createAnonymous
[2023-02-23 21:23:22,636][utils.py 35][INFO]:$.hr预期结果是：-2147463167
[2023-02-23 21:23:22,637][utils.py 36][INFO]:$.hr实际结果是：-2147463167
[2023-02-23 21:23:22,637][utils.py 35][INFO]:$.message预期结果是：无效的参数
[2023-02-23 21:23:22,637][utils.py 36][INFO]:$.message实际结果是：无效的参数
[2023-02-23 21:23:22,637][test_anonymous.py 28][INFO]:test end:创建匿名用户-Type=0(非法)
[2023-02-23 21:23:22,638][request_utils.py 24][INFO]:test start：创建匿名用户-Type=None(空)url:https://api.qingshuxuetang.com/v22_13/account/createAnonymous
[2023-02-23 21:23:22,673][utils.py 35][INFO]:$.hr预期结果是：-2147463167
[2023-02-23 21:23:22,673][utils.py 36][INFO]:$.hr实际结果是：-2147463167
[2023-02-23 21:23:22,673][utils.py 35][INFO]:$.message预期结果是：无效的参数
[2023-02-23 21:23:22,674][utils.py 36][INFO]:$.message实际结果是：无效的参数
[2023-02-23 21:23:22,674][test_anonymous.py 28][INFO]:test end:创建匿名用户-Type=None(空)
[2023-02-23 21:23:35,706][request_utils.py 24][INFO]:test start：创建匿名用户-Type=1(ios) https://api.qingshuxuetang.com/v22_13/account/createAnonymous
[2023-02-23 21:23:35,842][utils.py 35][INFO]:$.hr预期结果是：0
[2023-02-23 21:23:35,842][utils.py 36][INFO]:$.hr实际结果是：0
[2023-02-23 21:23:35,842][utils.py 35][INFO]:$.message预期结果是：成功
[2023-02-23 21:23:35,842][utils.py 36][INFO]:$.message实际结果是：成功
[2023-02-23 21:23:35,842][test_anonymous.py 28][INFO]:test end:创建匿名用户-Type=1(ios)
[2023-02-23 21:23:35,844][request_utils.py 24][INFO]:test start：创建匿名用户-Type=2(android) https://api.qingshuxuetang.com/v22_13/account/createAnonymous
[2023-02-23 21:23:35,887][utils.py 35][INFO]:$.hr预期结果是：0
[2023-02-23 21:23:35,888][utils.py 36][INFO]:$.hr实际结果是：0
[2023-02-23 21:23:35,888][utils.py 35][INFO]:$.message预期结果是：成功
[2023-02-23 21:23:35,888][utils.py 36][INFO]:$.message实际结果是：成功
[2023-02-23 21:23:35,888][test_anonymous.py 28][INFO]:test end:创建匿名用户-Type=2(android)
[2023-02-23 21:23:35,889][request_utils.py 24][INFO]:test start：创建匿名用户-Type=3(pc_web) https://api.qingshuxuetang.com/v22_13/account/createAnonymous
[2023-02-23 21:23:35,931][utils.py 35][INFO]:hr预期结果是：0
[2023-02-23 21:23:35,932][utils.py 36][INFO]:hr实际结果是：0
[2023-02-23 21:23:35,932][utils.py 35][INFO]:message预期结果是：成功
[2023-02-23 21:23:35,932][utils.py 36][INFO]:message实际结果是：成功
[2023-02-23 21:23:35,932][test_anonymous.py 28][INFO]:test end:创建匿名用户-Type=3(pc_web)
[2023-02-23 21:23:35,934][request_utils.py 24][INFO]:test start：创建匿名用户-Type=4(m_site) https://api.qingshuxuetang.com/v22_13/account/createAnonymous
[2023-02-23 21:23:35,977][utils.py 35][INFO]:hr预期结果是：0
[2023-02-23 21:23:35,977][utils.py 36][INFO]:hr实际结果是：0
[2023-02-23 21:23:35,977][utils.py 35][INFO]:message预期结果是：成功
[2023-02-23 21:23:35,978][utils.py 36][INFO]:message实际结果是：成功
[2023-02-23 21:23:35,978][test_anonymous.py 28][INFO]:test end:创建匿名用户-Type=4(m_site)
[2023-02-23 21:23:35,981][request_utils.py 24][INFO]:test start：创建匿名用户-Type=5(小程序) https://api.qingshuxuetang.com/v22_13/account/createAnonymous
[2023-02-23 21:23:36,024][utils.py 35][INFO]:hr预期结果是：0
[2023-02-23 21:23:36,024][utils.py 36][INFO]:hr实际结果是：0
[2023-02-23 21:23:36,025][utils.py 35][INFO]:message预期结果是：成功
[2023-02-23 21:23:36,025][utils.py 36][INFO]:message实际结果是：成功
[2023-02-23 21:23:36,025][test_anonymous.py 28][INFO]:test end:创建匿名用户-Type=5(小程序)
[2023-02-23 21:23:36,028][request_utils.py 24][INFO]:test start：创建匿名用户-Type=6(直播客户端) https://api.qingshuxuetang.com/v22_13/account/createAnonymous
[2023-02-23 21:23:36,071][utils.py 35][INFO]:$.hr预期结果是：0
[2023-02-23 21:23:36,071][utils.py 36][INFO]:$.hr实际结果是：0
[2023-02-23 21:23:36,084][utils.py 35][INFO]:$.message预期结果是：成功
[2023-02-23 21:23:36,084][utils.py 36][INFO]:$.message实际结果是：成功
[2023-02-23 21:23:36,084][test_anonymous.py 28][INFO]:test end:创建匿名用户-Type=6(直播客户端)
[2023-02-23 21:23:36,085][request_utils.py 24][INFO]:test start：创建匿名用户-Type=0(非法) https://api.qingshuxuetang.com/v22_13/account/createAnonymous
[2023-02-23 21:23:36,122][utils.py 35][INFO]:$.hr预期结果是：-2147463167
[2023-02-23 21:23:36,122][utils.py 36][INFO]:$.hr实际结果是：-2147463167
[2023-02-23 21:23:36,122][utils.py 35][INFO]:$.message预期结果是：无效的参数
[2023-02-23 21:23:36,122][utils.py 36][INFO]:$.message实际结果是：无效的参数
[2023-02-23 21:23:36,122][test_anonymous.py 28][INFO]:test end:创建匿名用户-Type=0(非法)
[2023-02-23 21:23:36,123][request_utils.py 24][INFO]:test start：创建匿名用户-Type=None(空) https://api.qingshuxuetang.com/v22_13/account/createAnonymous
[2023-02-23 21:23:36,156][utils.py 35][INFO]:$.hr预期结果是：-2147463167
[2023-02-23 21:23:36,157][utils.py 36][INFO]:$.hr实际结果是：-2147463167
[2023-02-23 21:23:36,157][utils.py 35][INFO]:$.message预期结果是：无效的参数
[2023-02-23 21:23:36,157][utils.py 36][INFO]:$.message实际结果是：无效的参数
[2023-02-23 21:23:36,157][test_anonymous.py 28][INFO]:test end:创建匿名用户-Type=None(空)
[2023-02-23 21:38:41,706][request_utils.py 24][INFO]:test start：创建匿名用户-Type=1(ios) account/createAnonymous
[2023-02-23 21:38:41,868][utils.py 36][INFO]:$.hr预期结果是：0
[2023-02-23 21:38:41,868][utils.py 37][INFO]:$.hr实际结果是：0
[2023-02-23 21:38:41,868][utils.py 36][INFO]:$.message预期结果是：成功
[2023-02-23 21:38:41,868][utils.py 37][INFO]:$.message实际结果是：成功
[2023-02-23 21:38:41,868][test_anonymous.py 28][INFO]:test end:创建匿名用户-Type=1(ios)
[2023-02-23 21:38:41,869][request_utils.py 24][INFO]:test start：创建匿名用户-Type=2(android) account/createAnonymous
[2023-02-23 21:38:41,908][utils.py 36][INFO]:$.hr预期结果是：0
[2023-02-23 21:38:41,908][utils.py 37][INFO]:$.hr实际结果是：0
[2023-02-23 21:38:41,908][utils.py 36][INFO]:$.message预期结果是：成功
[2023-02-23 21:38:41,908][utils.py 37][INFO]:$.message实际结果是：成功
[2023-02-23 21:38:41,908][test_anonymous.py 28][INFO]:test end:创建匿名用户-Type=2(android)
[2023-02-23 21:38:41,909][request_utils.py 24][INFO]:test start：创建匿名用户-Type=3(pc_web) account/createAnonymous
[2023-02-23 21:38:41,951][utils.py 36][INFO]:hr预期结果是：0
[2023-02-23 21:38:41,951][utils.py 37][INFO]:hr实际结果是：0
[2023-02-23 21:38:41,951][utils.py 36][INFO]:message预期结果是：成功
[2023-02-23 21:38:41,951][utils.py 37][INFO]:message实际结果是：成功
[2023-02-23 21:38:41,951][test_anonymous.py 28][INFO]:test end:创建匿名用户-Type=3(pc_web)
[2023-02-23 21:38:41,952][request_utils.py 24][INFO]:test start：创建匿名用户-Type=4(m_site) account/createAnonymous
[2023-02-23 21:38:41,992][utils.py 36][INFO]:hr预期结果是：0
[2023-02-23 21:38:41,992][utils.py 37][INFO]:hr实际结果是：0
[2023-02-23 21:38:41,993][utils.py 36][INFO]:message预期结果是：成功
[2023-02-23 21:38:41,993][utils.py 37][INFO]:message实际结果是：成功
[2023-02-23 21:38:41,993][test_anonymous.py 28][INFO]:test end:创建匿名用户-Type=4(m_site)
[2023-02-23 21:38:41,994][request_utils.py 24][INFO]:test start：创建匿名用户-Type=5(小程序) account/createAnonymous
[2023-02-23 21:38:42,041][utils.py 36][INFO]:hr预期结果是：0
[2023-02-23 21:38:42,041][utils.py 37][INFO]:hr实际结果是：0
[2023-02-23 21:38:42,041][utils.py 36][INFO]:message预期结果是：成功
[2023-02-23 21:38:42,042][utils.py 37][INFO]:message实际结果是：成功
[2023-02-23 21:38:42,042][test_anonymous.py 28][INFO]:test end:创建匿名用户-Type=5(小程序)
[2023-02-23 21:38:42,044][request_utils.py 24][INFO]:test start：创建匿名用户-Type=6(直播客户端) account/createAnonymous
[2023-02-23 21:38:42,086][utils.py 36][INFO]:$.hr预期结果是：0
[2023-02-23 21:38:42,086][utils.py 37][INFO]:$.hr实际结果是：0
[2023-02-23 21:38:42,087][utils.py 36][INFO]:$.message预期结果是：成功
[2023-02-23 21:38:42,087][utils.py 37][INFO]:$.message实际结果是：成功
[2023-02-23 21:38:42,087][test_anonymous.py 28][INFO]:test end:创建匿名用户-Type=6(直播客户端)
[2023-02-23 21:38:42,089][request_utils.py 24][INFO]:test start：创建匿名用户-Type=0(非法) account/createAnonymous
[2023-02-23 21:38:42,124][utils.py 36][INFO]:$.hr预期结果是：-2147463167
[2023-02-23 21:38:42,124][utils.py 37][INFO]:$.hr实际结果是：-2147463167
[2023-02-23 21:38:42,125][utils.py 36][INFO]:$.message预期结果是：无效的参数
[2023-02-23 21:38:42,125][utils.py 37][INFO]:$.message实际结果是：无效的参数
[2023-02-23 21:38:42,125][test_anonymous.py 28][INFO]:test end:创建匿名用户-Type=0(非法)
[2023-02-23 21:38:42,126][request_utils.py 24][INFO]:test start：创建匿名用户-Type=None(空) account/createAnonymous
[2023-02-23 21:38:42,157][utils.py 36][INFO]:$.hr预期结果是：-2147463167
[2023-02-23 21:38:42,157][utils.py 37][INFO]:$.hr实际结果是：-2147463167
[2023-02-23 21:38:42,157][utils.py 36][INFO]:$.message预期结果是：无效的参数
[2023-02-23 21:38:42,157][utils.py 37][INFO]:$.message实际结果是：无效的参数
[2023-02-23 21:38:42,157][test_anonymous.py 28][INFO]:test end:创建匿名用户-Type=None(空)
[2023-02-23 21:40:10,539][request_utils.py 24][INFO]:test start：创建匿名用户-Type=1(ios) account/createAnonymous
[2023-02-23 21:40:10,708][utils.py 36][INFO]:$.hr预期结果是：0
[2023-02-23 21:40:10,708][utils.py 37][INFO]:$.hr实际结果是：0
[2023-02-23 21:40:10,708][utils.py 36][INFO]:$.message预期结果是：成功
[2023-02-23 21:40:10,708][utils.py 37][INFO]:$.message实际结果是：成功
[2023-02-23 21:40:10,708][test_anonymous.py 28][INFO]:test end:创建匿名用户-Type=1(ios)
[2023-02-23 21:40:10,709][request_utils.py 24][INFO]:test start：创建匿名用户-Type=2(android) account/createAnonymous
[2023-02-23 21:40:10,752][utils.py 36][INFO]:$.hr预期结果是：0
[2023-02-23 21:40:10,753][utils.py 37][INFO]:$.hr实际结果是：0
[2023-02-23 21:40:10,753][utils.py 36][INFO]:$.message预期结果是：成功
[2023-02-23 21:40:10,753][utils.py 37][INFO]:$.message实际结果是：成功
[2023-02-23 21:40:10,753][test_anonymous.py 28][INFO]:test end:创建匿名用户-Type=2(android)
[2023-02-23 21:40:10,754][request_utils.py 24][INFO]:test start：创建匿名用户-Type=3(pc_web) account/createAnonymous
[2023-02-23 21:40:10,798][utils.py 36][INFO]:hr预期结果是：0
[2023-02-23 21:40:10,798][utils.py 37][INFO]:hr实际结果是：0
[2023-02-23 21:40:10,798][utils.py 36][INFO]:message预期结果是：成功
[2023-02-23 21:40:10,798][utils.py 37][INFO]:message实际结果是：成功
[2023-02-23 21:40:10,798][test_anonymous.py 28][INFO]:test end:创建匿名用户-Type=3(pc_web)
[2023-02-23 21:40:10,800][request_utils.py 24][INFO]:test start：创建匿名用户-Type=4(m_site) account/createAnonymous
[2023-02-23 21:40:10,844][utils.py 36][INFO]:hr预期结果是：0
[2023-02-23 21:40:10,844][utils.py 37][INFO]:hr实际结果是：0
[2023-02-23 21:40:10,844][utils.py 36][INFO]:message预期结果是：成功
[2023-02-23 21:40:10,844][utils.py 37][INFO]:message实际结果是：成功
[2023-02-23 21:40:10,844][test_anonymous.py 28][INFO]:test end:创建匿名用户-Type=4(m_site)
[2023-02-23 21:40:10,845][request_utils.py 24][INFO]:test start：创建匿名用户-Type=5(小程序) account/createAnonymous
[2023-02-23 21:40:10,887][utils.py 36][INFO]:hr预期结果是：0
[2023-02-23 21:40:10,887][utils.py 37][INFO]:hr实际结果是：0
[2023-02-23 21:40:10,887][utils.py 36][INFO]:message预期结果是：成功
[2023-02-23 21:40:10,887][utils.py 37][INFO]:message实际结果是：成功
[2023-02-23 21:40:10,887][test_anonymous.py 28][INFO]:test end:创建匿名用户-Type=5(小程序)
[2023-02-23 21:40:10,888][request_utils.py 24][INFO]:test start：创建匿名用户-Type=6(直播客户端) account/createAnonymous
[2023-02-23 21:40:10,936][utils.py 36][INFO]:$.hr预期结果是：0
[2023-02-23 21:40:10,936][utils.py 37][INFO]:$.hr实际结果是：0
[2023-02-23 21:40:10,936][utils.py 36][INFO]:$.message预期结果是：成功
[2023-02-23 21:40:10,936][utils.py 37][INFO]:$.message实际结果是：成功
[2023-02-23 21:40:10,936][test_anonymous.py 28][INFO]:test end:创建匿名用户-Type=6(直播客户端)
[2023-02-23 21:40:10,937][request_utils.py 24][INFO]:test start：创建匿名用户-Type=0(非法) account/createAnonymous
[2023-02-23 21:40:10,970][utils.py 36][INFO]:$.hr预期结果是：-2147463167
[2023-02-23 21:40:10,970][utils.py 37][INFO]:$.hr实际结果是：-2147463167
[2023-02-23 21:40:10,970][utils.py 36][INFO]:$.message预期结果是：无效的参数
[2023-02-23 21:40:10,970][utils.py 37][INFO]:$.message实际结果是：无效的参数
[2023-02-23 21:40:10,970][test_anonymous.py 28][INFO]:test end:创建匿名用户-Type=0(非法)
[2023-02-23 21:40:10,971][request_utils.py 24][INFO]:test start：创建匿名用户-Type=None(空) account/createAnonymous
[2023-02-23 21:40:11,003][utils.py 36][INFO]:$.hr预期结果是：-2147463167
[2023-02-23 21:40:11,003][utils.py 37][INFO]:$.hr实际结果是：-2147463167
[2023-02-23 21:40:11,003][utils.py 36][INFO]:$.message预期结果是：无效的参数
[2023-02-23 21:40:11,003][utils.py 37][INFO]:$.message实际结果是：无效的参数
[2023-02-23 21:40:11,003][test_anonymous.py 28][INFO]:test end:创建匿名用户-Type=None(空)
[2023-02-23 21:41:41,047][conftest.py 28][INFO]:base_url:https://api.qingshuxuetang.com/v22_13/
[2023-02-23 21:41:41,047][request_utils.py 24][INFO]:test start：创建匿名用户-Type=1(ios) account/createAnonymous
[2023-02-23 21:41:41,194][utils.py 36][INFO]:$.hr预期结果是：0
[2023-02-23 21:41:41,194][utils.py 37][INFO]:$.hr实际结果是：0
[2023-02-23 21:41:41,194][utils.py 36][INFO]:$.message预期结果是：成功
[2023-02-23 21:41:41,194][utils.py 37][INFO]:$.message实际结果是：成功
[2023-02-23 21:41:41,194][test_anonymous.py 28][INFO]:test end:创建匿名用户-Type=1(ios)
[2023-02-23 21:41:41,196][request_utils.py 24][INFO]:test start：创建匿名用户-Type=2(android) account/createAnonymous
[2023-02-23 21:41:41,236][utils.py 36][INFO]:$.hr预期结果是：0
[2023-02-23 21:41:41,237][utils.py 37][INFO]:$.hr实际结果是：0
[2023-02-23 21:41:41,237][utils.py 36][INFO]:$.message预期结果是：成功
[2023-02-23 21:41:41,237][utils.py 37][INFO]:$.message实际结果是：成功
[2023-02-23 21:41:41,237][test_anonymous.py 28][INFO]:test end:创建匿名用户-Type=2(android)
[2023-02-23 21:41:41,238][request_utils.py 24][INFO]:test start：创建匿名用户-Type=3(pc_web) account/createAnonymous
[2023-02-23 21:41:41,279][utils.py 36][INFO]:hr预期结果是：0
[2023-02-23 21:41:41,280][utils.py 37][INFO]:hr实际结果是：0
[2023-02-23 21:41:41,280][utils.py 36][INFO]:message预期结果是：成功
[2023-02-23 21:41:41,280][utils.py 37][INFO]:message实际结果是：成功
[2023-02-23 21:41:41,280][test_anonymous.py 28][INFO]:test end:创建匿名用户-Type=3(pc_web)
[2023-02-23 21:41:41,281][request_utils.py 24][INFO]:test start：创建匿名用户-Type=4(m_site) account/createAnonymous
[2023-02-23 21:41:41,322][utils.py 36][INFO]:hr预期结果是：0
[2023-02-23 21:41:41,322][utils.py 37][INFO]:hr实际结果是：0
[2023-02-23 21:41:41,322][utils.py 36][INFO]:message预期结果是：成功
[2023-02-23 21:41:41,322][utils.py 37][INFO]:message实际结果是：成功
[2023-02-23 21:41:41,323][test_anonymous.py 28][INFO]:test end:创建匿名用户-Type=4(m_site)
[2023-02-23 21:41:41,325][request_utils.py 24][INFO]:test start：创建匿名用户-Type=5(小程序) account/createAnonymous
[2023-02-23 21:41:41,367][utils.py 36][INFO]:hr预期结果是：0
[2023-02-23 21:41:41,368][utils.py 37][INFO]:hr实际结果是：0
[2023-02-23 21:41:41,368][utils.py 36][INFO]:message预期结果是：成功
[2023-02-23 21:41:41,368][utils.py 37][INFO]:message实际结果是：成功
[2023-02-23 21:41:41,368][test_anonymous.py 28][INFO]:test end:创建匿名用户-Type=5(小程序)
[2023-02-23 21:41:41,371][request_utils.py 24][INFO]:test start：创建匿名用户-Type=6(直播客户端) account/createAnonymous
[2023-02-23 21:41:41,433][utils.py 36][INFO]:$.hr预期结果是：0
[2023-02-23 21:41:41,434][utils.py 37][INFO]:$.hr实际结果是：0
[2023-02-23 21:41:41,434][utils.py 36][INFO]:$.message预期结果是：成功
[2023-02-23 21:41:41,434][utils.py 37][INFO]:$.message实际结果是：成功
[2023-02-23 21:41:41,434][test_anonymous.py 28][INFO]:test end:创建匿名用户-Type=6(直播客户端)
[2023-02-23 21:41:41,435][request_utils.py 24][INFO]:test start：创建匿名用户-Type=0(非法) account/createAnonymous
[2023-02-23 21:41:41,467][utils.py 36][INFO]:$.hr预期结果是：-2147463167
[2023-02-23 21:41:41,467][utils.py 37][INFO]:$.hr实际结果是：-2147463167
[2023-02-23 21:41:41,467][utils.py 36][INFO]:$.message预期结果是：无效的参数
[2023-02-23 21:41:41,467][utils.py 37][INFO]:$.message实际结果是：无效的参数
[2023-02-23 21:41:41,467][test_anonymous.py 28][INFO]:test end:创建匿名用户-Type=0(非法)
[2023-02-23 21:41:41,469][request_utils.py 24][INFO]:test start：创建匿名用户-Type=None(空) account/createAnonymous
[2023-02-23 21:41:41,498][utils.py 36][INFO]:$.hr预期结果是：-2147463167
[2023-02-23 21:41:41,498][utils.py 37][INFO]:$.hr实际结果是：-2147463167
[2023-02-23 21:41:41,498][utils.py 36][INFO]:$.message预期结果是：无效的参数
[2023-02-23 21:41:41,498][utils.py 37][INFO]:$.message实际结果是：无效的参数
[2023-02-23 21:41:41,498][test_anonymous.py 28][INFO]:test end:创建匿名用户-Type=None(空)
[2023-02-23 21:42:52,333][conftest.py 28][INFO]:=========================Test on base url:https://api.qingshuxuetang.com/v22_13/=========================
[2023-02-23 21:42:52,334][request_utils.py 24][INFO]:test start：创建匿名用户-Type=1(ios) account/createAnonymous
[2023-02-23 21:42:52,475][utils.py 36][INFO]:$.hr预期结果是：0
[2023-02-23 21:42:52,475][utils.py 37][INFO]:$.hr实际结果是：0
[2023-02-23 21:42:52,475][utils.py 36][INFO]:$.message预期结果是：成功
[2023-02-23 21:42:52,475][utils.py 37][INFO]:$.message实际结果是：成功
[2023-02-23 21:42:52,475][test_anonymous.py 28][INFO]:test end:创建匿名用户-Type=1(ios)
[2023-02-23 21:42:52,478][request_utils.py 24][INFO]:test start：创建匿名用户-Type=2(android) account/createAnonymous
[2023-02-23 21:42:52,520][utils.py 36][INFO]:$.hr预期结果是：0
[2023-02-23 21:42:52,520][utils.py 37][INFO]:$.hr实际结果是：0
[2023-02-23 21:42:52,521][utils.py 36][INFO]:$.message预期结果是：成功
[2023-02-23 21:42:52,521][utils.py 37][INFO]:$.message实际结果是：成功
[2023-02-23 21:42:52,521][test_anonymous.py 28][INFO]:test end:创建匿名用户-Type=2(android)
[2023-02-23 21:42:52,522][request_utils.py 24][INFO]:test start：创建匿名用户-Type=3(pc_web) account/createAnonymous
[2023-02-23 21:42:52,565][utils.py 36][INFO]:hr预期结果是：0
[2023-02-23 21:42:52,566][utils.py 37][INFO]:hr实际结果是：0
[2023-02-23 21:42:52,566][utils.py 36][INFO]:message预期结果是：成功
[2023-02-23 21:42:52,566][utils.py 37][INFO]:message实际结果是：成功
[2023-02-23 21:42:52,566][test_anonymous.py 28][INFO]:test end:创建匿名用户-Type=3(pc_web)
[2023-02-23 21:42:52,568][request_utils.py 24][INFO]:test start：创建匿名用户-Type=4(m_site) account/createAnonymous
[2023-02-23 21:42:52,609][utils.py 36][INFO]:hr预期结果是：0
[2023-02-23 21:42:52,609][utils.py 37][INFO]:hr实际结果是：0
[2023-02-23 21:42:52,609][utils.py 36][INFO]:message预期结果是：成功
[2023-02-23 21:42:52,609][utils.py 37][INFO]:message实际结果是：成功
[2023-02-23 21:42:52,610][test_anonymous.py 28][INFO]:test end:创建匿名用户-Type=4(m_site)
[2023-02-23 21:42:52,611][request_utils.py 24][INFO]:test start：创建匿名用户-Type=5(小程序) account/createAnonymous
[2023-02-23 21:42:52,654][utils.py 36][INFO]:hr预期结果是：0
[2023-02-23 21:42:52,654][utils.py 37][INFO]:hr实际结果是：0
[2023-02-23 21:42:52,654][utils.py 36][INFO]:message预期结果是：成功
[2023-02-23 21:42:52,654][utils.py 37][INFO]:message实际结果是：成功
[2023-02-23 21:42:52,655][test_anonymous.py 28][INFO]:test end:创建匿名用户-Type=5(小程序)
[2023-02-23 21:42:52,656][request_utils.py 24][INFO]:test start：创建匿名用户-Type=6(直播客户端) account/createAnonymous
[2023-02-23 21:42:52,734][utils.py 36][INFO]:$.hr预期结果是：0
[2023-02-23 21:42:52,734][utils.py 37][INFO]:$.hr实际结果是：0
[2023-02-23 21:42:52,735][utils.py 36][INFO]:$.message预期结果是：成功
[2023-02-23 21:42:52,735][utils.py 37][INFO]:$.message实际结果是：成功
[2023-02-23 21:42:52,735][test_anonymous.py 28][INFO]:test end:创建匿名用户-Type=6(直播客户端)
[2023-02-23 21:42:52,736][request_utils.py 24][INFO]:test start：创建匿名用户-Type=0(非法) account/createAnonymous
[2023-02-23 21:42:52,773][utils.py 36][INFO]:$.hr预期结果是：-2147463167
[2023-02-23 21:42:52,773][utils.py 37][INFO]:$.hr实际结果是：-2147463167
[2023-02-23 21:42:52,773][utils.py 36][INFO]:$.message预期结果是：无效的参数
[2023-02-23 21:42:52,773][utils.py 37][INFO]:$.message实际结果是：无效的参数
[2023-02-23 21:42:52,773][test_anonymous.py 28][INFO]:test end:创建匿名用户-Type=0(非法)
[2023-02-23 21:42:52,775][request_utils.py 24][INFO]:test start：创建匿名用户-Type=None(空) account/createAnonymous
[2023-02-23 21:42:52,806][utils.py 36][INFO]:$.hr预期结果是：-2147463167
[2023-02-23 21:42:52,806][utils.py 37][INFO]:$.hr实际结果是：-2147463167
[2023-02-23 21:42:52,806][utils.py 36][INFO]:$.message预期结果是：无效的参数
[2023-02-23 21:42:52,806][utils.py 37][INFO]:$.message实际结果是：无效的参数
[2023-02-23 21:42:52,806][test_anonymous.py 28][INFO]:test end:创建匿名用户-Type=None(空)
[2023-02-23 21:43:02,585][conftest.py 28][INFO]:=========================Test on base url:https://api.qingshuxuetang.com/v22_13/ =========================
[2023-02-23 21:43:02,586][request_utils.py 24][INFO]:test start：创建匿名用户-Type=1(ios) account/createAnonymous
[2023-02-23 21:43:02,775][utils.py 36][INFO]:$.hr预期结果是：0
[2023-02-23 21:43:02,776][utils.py 37][INFO]:$.hr实际结果是：0
[2023-02-23 21:43:02,776][utils.py 36][INFO]:$.message预期结果是：成功
[2023-02-23 21:43:02,776][utils.py 37][INFO]:$.message实际结果是：成功
[2023-02-23 21:43:02,776][test_anonymous.py 28][INFO]:test end:创建匿名用户-Type=1(ios)
[2023-02-23 21:43:02,778][request_utils.py 24][INFO]:test start：创建匿名用户-Type=2(android) account/createAnonymous
[2023-02-23 21:43:02,825][utils.py 36][INFO]:$.hr预期结果是：0
[2023-02-23 21:43:02,825][utils.py 37][INFO]:$.hr实际结果是：0
[2023-02-23 21:43:02,825][utils.py 36][INFO]:$.message预期结果是：成功
[2023-02-23 21:43:02,825][utils.py 37][INFO]:$.message实际结果是：成功
[2023-02-23 21:43:02,825][test_anonymous.py 28][INFO]:test end:创建匿名用户-Type=2(android)
[2023-02-23 21:43:02,828][request_utils.py 24][INFO]:test start：创建匿名用户-Type=3(pc_web) account/createAnonymous
[2023-02-23 21:43:02,874][utils.py 36][INFO]:hr预期结果是：0
[2023-02-23 21:43:02,874][utils.py 37][INFO]:hr实际结果是：0
[2023-02-23 21:43:02,874][utils.py 36][INFO]:message预期结果是：成功
[2023-02-23 21:43:02,875][utils.py 37][INFO]:message实际结果是：成功
[2023-02-23 21:43:02,875][test_anonymous.py 28][INFO]:test end:创建匿名用户-Type=3(pc_web)
[2023-02-23 21:43:02,878][request_utils.py 24][INFO]:test start：创建匿名用户-Type=4(m_site) account/createAnonymous
[2023-02-23 21:43:02,923][utils.py 36][INFO]:hr预期结果是：0
[2023-02-23 21:43:02,923][utils.py 37][INFO]:hr实际结果是：0
[2023-02-23 21:43:02,924][utils.py 36][INFO]:message预期结果是：成功
[2023-02-23 21:43:02,924][utils.py 37][INFO]:message实际结果是：成功
[2023-02-23 21:43:02,924][test_anonymous.py 28][INFO]:test end:创建匿名用户-Type=4(m_site)
[2023-02-23 21:43:02,927][request_utils.py 24][INFO]:test start：创建匿名用户-Type=5(小程序) account/createAnonymous
[2023-02-23 21:43:02,971][utils.py 36][INFO]:hr预期结果是：0
[2023-02-23 21:43:02,972][utils.py 37][INFO]:hr实际结果是：0
[2023-02-23 21:43:02,972][utils.py 36][INFO]:message预期结果是：成功
[2023-02-23 21:43:02,972][utils.py 37][INFO]:message实际结果是：成功
[2023-02-23 21:43:02,972][test_anonymous.py 28][INFO]:test end:创建匿名用户-Type=5(小程序)
[2023-02-23 21:43:02,975][request_utils.py 24][INFO]:test start：创建匿名用户-Type=6(直播客户端) account/createAnonymous
[2023-02-23 21:43:03,037][utils.py 36][INFO]:$.hr预期结果是：0
[2023-02-23 21:43:03,037][utils.py 37][INFO]:$.hr实际结果是：0
[2023-02-23 21:43:03,038][utils.py 36][INFO]:$.message预期结果是：成功
[2023-02-23 21:43:03,038][utils.py 37][INFO]:$.message实际结果是：成功
[2023-02-23 21:43:03,038][test_anonymous.py 28][INFO]:test end:创建匿名用户-Type=6(直播客户端)
[2023-02-23 21:43:03,039][request_utils.py 24][INFO]:test start：创建匿名用户-Type=0(非法) account/createAnonymous
[2023-02-23 21:43:03,076][utils.py 36][INFO]:$.hr预期结果是：-2147463167
[2023-02-23 21:43:03,076][utils.py 37][INFO]:$.hr实际结果是：-2147463167
[2023-02-23 21:43:03,076][utils.py 36][INFO]:$.message预期结果是：无效的参数
[2023-02-23 21:43:03,076][utils.py 37][INFO]:$.message实际结果是：无效的参数
[2023-02-23 21:43:03,076][test_anonymous.py 28][INFO]:test end:创建匿名用户-Type=0(非法)
[2023-02-23 21:43:03,078][request_utils.py 24][INFO]:test start：创建匿名用户-Type=None(空) account/createAnonymous
[2023-02-23 21:43:03,113][utils.py 36][INFO]:$.hr预期结果是：-2147463167
[2023-02-23 21:43:03,113][utils.py 37][INFO]:$.hr实际结果是：-2147463167
[2023-02-23 21:43:03,114][utils.py 36][INFO]:$.message预期结果是：无效的参数
[2023-02-23 21:43:03,114][utils.py 37][INFO]:$.message实际结果是：无效的参数
[2023-02-23 21:43:03,114][test_anonymous.py 28][INFO]:test end:创建匿名用户-Type=None(空)
[2023-02-23 21:43:15,073][conftest.py 28][INFO]:
=========================Test on base url:https://api.qingshuxuetang.com/v22_13/ =========================
[2023-02-23 21:43:15,074][request_utils.py 24][INFO]:test start：创建匿名用户-Type=1(ios) account/createAnonymous
[2023-02-23 21:43:15,215][utils.py 36][INFO]:$.hr预期结果是：0
[2023-02-23 21:43:15,215][utils.py 37][INFO]:$.hr实际结果是：0
[2023-02-23 21:43:15,215][utils.py 36][INFO]:$.message预期结果是：成功
[2023-02-23 21:43:15,215][utils.py 37][INFO]:$.message实际结果是：成功
[2023-02-23 21:43:15,215][test_anonymous.py 28][INFO]:test end:创建匿名用户-Type=1(ios)
[2023-02-23 21:43:15,216][request_utils.py 24][INFO]:test start：创建匿名用户-Type=2(android) account/createAnonymous
[2023-02-23 21:43:15,258][utils.py 36][INFO]:$.hr预期结果是：0
[2023-02-23 21:43:15,259][utils.py 37][INFO]:$.hr实际结果是：0
[2023-02-23 21:43:15,259][utils.py 36][INFO]:$.message预期结果是：成功
[2023-02-23 21:43:15,259][utils.py 37][INFO]:$.message实际结果是：成功
[2023-02-23 21:43:15,259][test_anonymous.py 28][INFO]:test end:创建匿名用户-Type=2(android)
[2023-02-23 21:43:15,259][request_utils.py 24][INFO]:test start：创建匿名用户-Type=3(pc_web) account/createAnonymous
[2023-02-23 21:43:15,300][utils.py 36][INFO]:hr预期结果是：0
[2023-02-23 21:43:15,300][utils.py 37][INFO]:hr实际结果是：0
[2023-02-23 21:43:15,300][utils.py 36][INFO]:message预期结果是：成功
[2023-02-23 21:43:15,301][utils.py 37][INFO]:message实际结果是：成功
[2023-02-23 21:43:15,301][test_anonymous.py 28][INFO]:test end:创建匿名用户-Type=3(pc_web)
[2023-02-23 21:43:15,302][request_utils.py 24][INFO]:test start：创建匿名用户-Type=4(m_site) account/createAnonymous
[2023-02-23 21:43:15,346][utils.py 36][INFO]:hr预期结果是：0
[2023-02-23 21:43:15,346][utils.py 37][INFO]:hr实际结果是：0
[2023-02-23 21:43:15,346][utils.py 36][INFO]:message预期结果是：成功
[2023-02-23 21:43:15,346][utils.py 37][INFO]:message实际结果是：成功
[2023-02-23 21:43:15,346][test_anonymous.py 28][INFO]:test end:创建匿名用户-Type=4(m_site)
[2023-02-23 21:43:15,347][request_utils.py 24][INFO]:test start：创建匿名用户-Type=5(小程序) account/createAnonymous
[2023-02-23 21:43:15,392][utils.py 36][INFO]:hr预期结果是：0
[2023-02-23 21:43:15,392][utils.py 37][INFO]:hr实际结果是：0
[2023-02-23 21:43:15,392][utils.py 36][INFO]:message预期结果是：成功
[2023-02-23 21:43:15,392][utils.py 37][INFO]:message实际结果是：成功
[2023-02-23 21:43:15,392][test_anonymous.py 28][INFO]:test end:创建匿名用户-Type=5(小程序)
[2023-02-23 21:43:15,394][request_utils.py 24][INFO]:test start：创建匿名用户-Type=6(直播客户端) account/createAnonymous
[2023-02-23 21:43:15,450][utils.py 36][INFO]:$.hr预期结果是：0
[2023-02-23 21:43:15,450][utils.py 37][INFO]:$.hr实际结果是：0
[2023-02-23 21:43:15,450][utils.py 36][INFO]:$.message预期结果是：成功
[2023-02-23 21:43:15,450][utils.py 37][INFO]:$.message实际结果是：成功
[2023-02-23 21:43:15,450][test_anonymous.py 28][INFO]:test end:创建匿名用户-Type=6(直播客户端)
[2023-02-23 21:43:15,452][request_utils.py 24][INFO]:test start：创建匿名用户-Type=0(非法) account/createAnonymous
[2023-02-23 21:43:15,485][utils.py 36][INFO]:$.hr预期结果是：-2147463167
[2023-02-23 21:43:15,485][utils.py 37][INFO]:$.hr实际结果是：-2147463167
[2023-02-23 21:43:15,486][utils.py 36][INFO]:$.message预期结果是：无效的参数
[2023-02-23 21:43:15,486][utils.py 37][INFO]:$.message实际结果是：无效的参数
[2023-02-23 21:43:15,486][test_anonymous.py 28][INFO]:test end:创建匿名用户-Type=0(非法)
[2023-02-23 21:43:15,487][request_utils.py 24][INFO]:test start：创建匿名用户-Type=None(空) account/createAnonymous
[2023-02-23 21:43:15,518][utils.py 36][INFO]:$.hr预期结果是：-2147463167
[2023-02-23 21:43:15,519][utils.py 37][INFO]:$.hr实际结果是：-2147463167
[2023-02-23 21:43:15,519][utils.py 36][INFO]:$.message预期结果是：无效的参数
[2023-02-23 21:43:15,519][utils.py 37][INFO]:$.message实际结果是：无效的参数
[2023-02-23 21:43:15,519][test_anonymous.py 28][INFO]:test end:创建匿名用户-Type=None(空)
[2023-02-23 21:49:42,782][conftest.py 28][INFO]:
=========================Test on base url:https://api.qingshuxuetang.com/v22_13/ =========================
[2023-02-23 21:49:42,783][request_utils.py 24][INFO]:test start：创建匿名用户-Type=1(ios) account/createAnonymous
[2023-02-23 21:49:42,938][utils.py 36][INFO]:$.hr预期结果是：0
[2023-02-23 21:49:42,938][utils.py 37][INFO]:$.hr实际结果是：0
[2023-02-23 21:49:42,938][utils.py 36][INFO]:$.message预期结果是：成功
[2023-02-23 21:49:42,938][utils.py 37][INFO]:$.message实际结果是：成功
[2023-02-23 21:49:42,938][test_anonymous.py 28][INFO]:test end:创建匿名用户-Type=1(ios)
[2023-02-23 21:49:42,940][request_utils.py 24][INFO]:test start：创建匿名用户-Type=2(android) account/createAnonymous
[2023-02-23 21:49:42,982][utils.py 36][INFO]:$.hr预期结果是：0
[2023-02-23 21:49:42,983][utils.py 37][INFO]:$.hr实际结果是：0
[2023-02-23 21:49:42,983][utils.py 36][INFO]:$.message预期结果是：成功
[2023-02-23 21:49:42,983][utils.py 37][INFO]:$.message实际结果是：成功
[2023-02-23 21:49:42,983][test_anonymous.py 28][INFO]:test end:创建匿名用户-Type=2(android)
[2023-02-23 21:49:42,984][request_utils.py 24][INFO]:test start：创建匿名用户-Type=3(pc_web) account/createAnonymous
[2023-02-23 21:49:43,026][utils.py 36][INFO]:hr预期结果是：0
[2023-02-23 21:49:43,026][utils.py 37][INFO]:hr实际结果是：0
[2023-02-23 21:49:43,027][utils.py 36][INFO]:message预期结果是：成功
[2023-02-23 21:49:43,027][utils.py 37][INFO]:message实际结果是：成功
[2023-02-23 21:49:43,027][test_anonymous.py 28][INFO]:test end:创建匿名用户-Type=3(pc_web)
[2023-02-23 21:49:43,028][request_utils.py 24][INFO]:test start：创建匿名用户-Type=4(m_site) account/createAnonymous
[2023-02-23 21:49:43,071][utils.py 36][INFO]:hr预期结果是：0
[2023-02-23 21:49:43,071][utils.py 37][INFO]:hr实际结果是：0
[2023-02-23 21:49:43,071][utils.py 36][INFO]:message预期结果是：成功
[2023-02-23 21:49:43,072][utils.py 37][INFO]:message实际结果是：成功
[2023-02-23 21:49:43,072][test_anonymous.py 28][INFO]:test end:创建匿名用户-Type=4(m_site)
[2023-02-23 21:49:43,073][request_utils.py 24][INFO]:test start：创建匿名用户-Type=5(小程序) account/createAnonymous
[2023-02-23 21:49:43,120][utils.py 36][INFO]:hr预期结果是：0
[2023-02-23 21:49:43,120][utils.py 37][INFO]:hr实际结果是：0
[2023-02-23 21:49:43,120][utils.py 36][INFO]:message预期结果是：成功
[2023-02-23 21:49:43,120][utils.py 37][INFO]:message实际结果是：成功
[2023-02-23 21:49:43,120][test_anonymous.py 28][INFO]:test end:创建匿名用户-Type=5(小程序)
[2023-02-23 21:49:43,122][request_utils.py 24][INFO]:test start：创建匿名用户-Type=6(直播客户端) account/createAnonymous
[2023-02-23 21:49:43,181][utils.py 36][INFO]:$.hr预期结果是：0
[2023-02-23 21:49:43,181][utils.py 37][INFO]:$.hr实际结果是：0
[2023-02-23 21:49:43,181][utils.py 36][INFO]:$.message预期结果是：成功
[2023-02-23 21:49:43,181][utils.py 37][INFO]:$.message实际结果是：成功
[2023-02-23 21:49:43,181][test_anonymous.py 28][INFO]:test end:创建匿名用户-Type=6(直播客户端)
[2023-02-23 21:49:43,182][request_utils.py 24][INFO]:test start：创建匿名用户-Type=0(非法) account/createAnonymous
[2023-02-23 21:49:43,215][utils.py 36][INFO]:$.hr预期结果是：-2147463167
[2023-02-23 21:49:43,215][utils.py 37][INFO]:$.hr实际结果是：-2147463167
[2023-02-23 21:49:43,216][utils.py 36][INFO]:$.message预期结果是：无效的参数
[2023-02-23 21:49:43,216][utils.py 37][INFO]:$.message实际结果是：无效的参数
[2023-02-23 21:49:43,216][test_anonymous.py 28][INFO]:test end:创建匿名用户-Type=0(非法)
[2023-02-23 21:49:43,216][request_utils.py 24][INFO]:test start：创建匿名用户-Type=None(空) account/createAnonymous
[2023-02-23 21:49:43,248][utils.py 36][INFO]:$.hr预期结果是：-2147463167
[2023-02-23 21:49:43,248][utils.py 37][INFO]:$.hr实际结果是：-2147463167
[2023-02-23 21:49:43,248][utils.py 36][INFO]:$.message预期结果是：无效的参数
[2023-02-23 21:49:43,248][utils.py 37][INFO]:$.message实际结果是：无效的参数
[2023-02-23 21:49:43,248][test_anonymous.py 28][INFO]:test end:创建匿名用户-Type=None(空)
[2023-02-23 22:03:48,857][conftest.py 28][INFO]:
=========================Test on base url:https://api.qingshuxuetang.com/v22_13/ =========================
[2023-02-23 22:03:48,858][request_utils.py 24][INFO]:test start：创建匿名用户-Type=1(ios) account/createAnonymous
[2023-02-23 22:03:49,031][utils.py 36][INFO]:$.hr预期结果是：0
[2023-02-23 22:03:49,031][utils.py 37][INFO]:$.hr实际结果是：0
[2023-02-23 22:03:49,031][utils.py 36][INFO]:$.message预期结果是：成功
[2023-02-23 22:03:49,031][utils.py 37][INFO]:$.message实际结果是：成功
[2023-02-23 22:03:49,031][test_anonymous.py 28][INFO]:test end:创建匿名用户-Type=1(ios)
[2023-02-23 22:03:49,033][request_utils.py 24][INFO]:test start：创建匿名用户-Type=2(android) account/createAnonymous
[2023-02-23 22:03:49,080][utils.py 36][INFO]:$.hr预期结果是：0
[2023-02-23 22:03:49,080][utils.py 37][INFO]:$.hr实际结果是：0
[2023-02-23 22:03:49,080][utils.py 36][INFO]:$.message预期结果是：成功
[2023-02-23 22:03:49,080][utils.py 37][INFO]:$.message实际结果是：成功
[2023-02-23 22:03:49,080][test_anonymous.py 28][INFO]:test end:创建匿名用户-Type=2(android)
[2023-02-23 22:03:49,081][request_utils.py 24][INFO]:test start：创建匿名用户-Type=3(pc_web) account/createAnonymous
[2023-02-23 22:03:49,127][utils.py 36][INFO]:hr预期结果是：0
[2023-02-23 22:03:49,127][utils.py 37][INFO]:hr实际结果是：0
[2023-02-23 22:03:49,127][utils.py 36][INFO]:message预期结果是：成功
[2023-02-23 22:03:49,127][utils.py 37][INFO]:message实际结果是：成功
[2023-02-23 22:03:49,127][test_anonymous.py 28][INFO]:test end:创建匿名用户-Type=3(pc_web)
[2023-02-23 22:03:49,128][request_utils.py 24][INFO]:test start：创建匿名用户-Type=4(m_site) account/createAnonymous
[2023-02-23 22:03:49,174][utils.py 36][INFO]:hr预期结果是：0
[2023-02-23 22:03:49,174][utils.py 37][INFO]:hr实际结果是：0
[2023-02-23 22:03:49,174][utils.py 36][INFO]:message预期结果是：成功
[2023-02-23 22:03:49,174][utils.py 37][INFO]:message实际结果是：成功
[2023-02-23 22:03:49,174][test_anonymous.py 28][INFO]:test end:创建匿名用户-Type=4(m_site)
[2023-02-23 22:03:49,175][request_utils.py 24][INFO]:test start：创建匿名用户-Type=5(小程序) account/createAnonymous
[2023-02-23 22:03:49,221][utils.py 36][INFO]:hr预期结果是：0
[2023-02-23 22:03:49,221][utils.py 37][INFO]:hr实际结果是：0
[2023-02-23 22:03:49,221][utils.py 36][INFO]:message预期结果是：成功
[2023-02-23 22:03:49,221][utils.py 37][INFO]:message实际结果是：成功
[2023-02-23 22:03:49,222][test_anonymous.py 28][INFO]:test end:创建匿名用户-Type=5(小程序)
[2023-02-23 22:03:49,223][request_utils.py 24][INFO]:test start：创建匿名用户-Type=6(直播客户端) account/createAnonymous
[2023-02-23 22:03:49,281][utils.py 36][INFO]:$.hr预期结果是：0
[2023-02-23 22:03:49,281][utils.py 37][INFO]:$.hr实际结果是：0
[2023-02-23 22:03:49,281][utils.py 36][INFO]:$.message预期结果是：成功
[2023-02-23 22:03:49,281][utils.py 37][INFO]:$.message实际结果是：成功
[2023-02-23 22:03:49,281][test_anonymous.py 28][INFO]:test end:创建匿名用户-Type=6(直播客户端)
[2023-02-23 22:03:49,283][request_utils.py 24][INFO]:test start：创建匿名用户-Type=0(非法) account/createAnonymous
[2023-02-23 22:03:49,322][utils.py 36][INFO]:$.hr预期结果是：-2147463167
[2023-02-23 22:03:49,323][utils.py 37][INFO]:$.hr实际结果是：-2147463167
[2023-02-23 22:03:49,323][utils.py 36][INFO]:$.message预期结果是：无效的参数
[2023-02-23 22:03:49,323][utils.py 37][INFO]:$.message实际结果是：无效的参数
[2023-02-23 22:03:49,323][test_anonymous.py 28][INFO]:test end:创建匿名用户-Type=0(非法)
[2023-02-23 22:03:49,324][request_utils.py 24][INFO]:test start：创建匿名用户-Type=None(空) account/createAnonymous
[2023-02-23 22:03:49,362][utils.py 36][INFO]:$.hr预期结果是：-2147463167
[2023-02-23 22:03:49,362][utils.py 37][INFO]:$.hr实际结果是：-2147463167
[2023-02-23 22:03:49,362][utils.py 36][INFO]:$.message预期结果是：无效的参数
[2023-02-23 22:03:49,363][utils.py 37][INFO]:$.message实际结果是：无效的参数
[2023-02-23 22:03:49,363][test_anonymous.py 28][INFO]:test end:创建匿名用户-Type=None(空)
